{"/Users/johanque/Documents/Projects/yoga/definitive_project/mamaz_yoga_back/api/src/app.module.ts": {"path":"/Users/johanque/Documents/Projects/yoga/definitive_project/mamaz_yoga_back/api/src/app.module.ts","statementMap":{"0":{"start":{"line":1,"column":0},"end":{"line":1,"column":40}},"1":{"start":{"line":2,"column":0},"end":{"line":2,"column":46}},"2":{"start":{"line":3,"column":0},"end":{"line":3,"column":57}},"3":{"start":{"line":4,"column":0},"end":{"line":4,"column":51}},"4":{"start":{"line":5,"column":0},"end":{"line":5,"column":60}},"5":{"start":{"line":6,"column":0},"end":{"line":6,"column":65}},"6":{"start":{"line":7,"column":0},"end":{"line":7,"column":51}},"7":{"start":{"line":8,"column":0},"end":{"line":8,"column":65}},"8":{"start":{"line":9,"column":0},"end":{"line":9,"column":89}},"9":{"start":{"line":10,"column":0},"end":{"line":10,"column":48}},"10":{"start":{"line":11,"column":0},"end":{"line":11,"column":54}},"11":{"start":{"line":12,"column":0},"end":{"line":12,"column":56}},"12":{"start":{"line":31,"column":7},"end":{"line":31,"column":null}},"13":{"start":{"line":31,"column":13},"end":{"line":31,"column":null}},"14":{"start":{"line":31,"column":13},"end":{"line":31,"column":22}}},"fnMap":{},"branchMap":{},"s":{"0":5,"1":5,"2":5,"3":5,"4":5,"5":5,"6":5,"7":5,"8":5,"9":5,"10":5,"11":5,"12":5,"13":5,"14":5},"f":{},"b":{}}
,"/Users/johanque/Documents/Projects/yoga/definitive_project/mamaz_yoga_back/api/src/main.ts": {"path":"/Users/johanque/Documents/Projects/yoga/definitive_project/mamaz_yoga_back/api/src/main.ts","statementMap":{"0":{"start":{"line":1,"column":0},"end":{"line":1,"column":43}},"1":{"start":{"line":2,"column":0},"end":{"line":2,"column":41}},"2":{"start":{"line":3,"column":0},"end":{"line":3,"column":33}},"3":{"start":{"line":5,"column":2},"end":{"line":5,"column":34}},"4":{"start":{"line":6,"column":14},"end":{"line":6,"column":49}},"5":{"start":{"line":7,"column":2},"end":{"line":7,"column":29}},"6":{"start":{"line":13,"column":2},"end":{"line":13,"column":25}},"7":{"start":{"line":15,"column":0},"end":{"line":15,"column":12}}},"fnMap":{"0":{"name":"bootstrap","decl":{"start":{"line":4,"column":15},"end":{"line":4,"column":24}},"loc":{"start":{"line":4,"column":24},"end":{"line":14,"column":null}}}},"branchMap":{},"s":{"0":0,"1":0,"2":0,"3":0,"4":0,"5":0,"6":0,"7":0},"f":{"0":0},"b":{}}
,"/Users/johanque/Documents/Projects/yoga/definitive_project/mamaz_yoga_back/api/src/types.d.ts": {"path":"/Users/johanque/Documents/Projects/yoga/definitive_project/mamaz_yoga_back/api/src/types.d.ts","statementMap":{},"fnMap":{},"branchMap":{},"s":{},"f":{},"b":{}}
,"/Users/johanque/Documents/Projects/yoga/definitive_project/mamaz_yoga_back/api/src/auth/auth.controller.ts": {"path":"/Users/johanque/Documents/Projects/yoga/definitive_project/mamaz_yoga_back/api/src/auth/auth.controller.ts","statementMap":{"0":{"start":{"line":1,"column":0},"end":{"line":1,"column":70}},"1":{"start":{"line":2,"column":0},"end":{"line":2,"column":45}},"2":{"start":{"line":3,"column":0},"end":{"line":3,"column":null}},"3":{"start":{"line":8,"column":0},"end":{"line":8,"column":51}},"4":{"start":{"line":11,"column":7},"end":{"line":39,"column":null}},"5":{"start":{"line":12,"column":22},"end":{"line":12,"column":35}},"6":{"start":{"line":20,"column":31},"end":{"line":20,"column":35}},"7":{"start":{"line":21,"column":4},"end":{"line":23,"column":null}},"8":{"start":{"line":22,"column":6},"end":{"line":22,"column":55}},"9":{"start":{"line":24,"column":49},"end":{"line":31,"column":6}},"10":{"start":{"line":32,"column":4},"end":{"line":32,"column":29}},"11":{"start":{"line":32,"column":15},"end":{"line":32,"column":29}},"12":{"start":{"line":33,"column":4},"end":{"line":37,"column":6}},"13":{"start":{"line":15,"column":2},"end":{"line":38,"column":null}},"14":{"start":{"line":11,"column":13},"end":{"line":39,"column":null}},"15":{"start":{"line":11,"column":13},"end":{"line":11,"column":27}}},"fnMap":{"0":{"name":"(anonymous_4)","decl":{"start":{"line":12,"column":2},"end":{"line":12,"column":22}},"loc":{"start":{"line":12,"column":46},"end":{"line":12,"column":50}}},"1":{"name":"(anonymous_5)","decl":{"start":{"line":19,"column":2},"end":{"line":19,"column":7}},"loc":{"start":{"line":19,"column":43},"end":{"line":38,"column":3}}}},"branchMap":{"0":{"loc":{"start":{"line":21,"column":4},"end":{"line":23,"column":null}},"type":"if","locations":[{"start":{"line":21,"column":4},"end":{"line":23,"column":null}}]},"1":{"loc":{"start":{"line":32,"column":4},"end":{"line":32,"column":29}},"type":"if","locations":[{"start":{"line":32,"column":4},"end":{"line":32,"column":29}}]},"2":{"loc":{"start":{"line":36,"column":13},"end":{"line":36,"column":31}},"type":"cond-expr","locations":[{"start":{"line":36,"column":13},"end":{"line":36,"column":18}},{"start":{"line":36,"column":22},"end":{"line":36,"column":31}}]},"3":{"loc":{"start":{"line":36,"column":13},"end":{"line":36,"column":22}},"type":"binary-expr","locations":[{"start":{"line":36,"column":13},"end":{"line":36,"column":22}},{"start":{"line":36,"column":13},"end":{"line":36,"column":22}}]}},"s":{"0":6,"1":6,"2":6,"3":6,"4":6,"5":7,"6":3,"7":3,"8":1,"9":3,"10":3,"11":1,"12":3,"13":6,"14":6,"15":6},"f":{"0":7,"1":3},"b":{"0":[1],"1":[1],"2":[1,2],"3":[3,1]}}
,"/Users/johanque/Documents/Projects/yoga/definitive_project/mamaz_yoga_back/api/src/auth/auth.module.ts": {"path":"/Users/johanque/Documents/Projects/yoga/definitive_project/mamaz_yoga_back/api/src/auth/auth.module.ts","statementMap":{"0":{"start":{"line":1,"column":0},"end":{"line":1,"column":92}},"1":{"start":{"line":2,"column":0},"end":{"line":2,"column":54}},"2":{"start":{"line":3,"column":0},"end":{"line":3,"column":40}},"3":{"start":{"line":4,"column":0},"end":{"line":4,"column":40}},"4":{"start":{"line":5,"column":0},"end":{"line":5,"column":50}},"5":{"start":{"line":6,"column":0},"end":{"line":6,"column":51}},"6":{"start":{"line":7,"column":0},"end":{"line":7,"column":45}},"7":{"start":{"line":8,"column":0},"end":{"line":8,"column":56}},"8":{"start":{"line":9,"column":0},"end":{"line":9,"column":60}},"9":{"start":{"line":11,"column":0},"end":{"line":11,"column":55}},"10":{"start":{"line":33,"column":23},"end":{"line":33,"column":null}},"11":{"start":{"line":33,"column":13},"end":{"line":33,"column":null}},"12":{"start":{"line":33,"column":13},"end":{"line":33,"column":23}}},"fnMap":{},"branchMap":{},"s":{"0":5,"1":5,"2":5,"3":5,"4":5,"5":5,"6":5,"7":5,"8":5,"9":5,"10":5,"11":5,"12":5},"f":{},"b":{}}
,"/Users/johanque/Documents/Projects/yoga/definitive_project/mamaz_yoga_back/api/src/auth/auth.service.ts": {"path":"/Users/johanque/Documents/Projects/yoga/definitive_project/mamaz_yoga_back/api/src/auth/auth.service.ts","statementMap":{"0":{"start":{"line":2,"column":0},"end":{"line":2,"column":56}},"1":{"start":{"line":3,"column":0},"end":{"line":3,"column":71}},"2":{"start":{"line":4,"column":0},"end":{"line":4,"column":41}},"3":{"start":{"line":8,"column":0},"end":{"line":8,"column":47}},"4":{"start":{"line":11,"column":7},"end":{"line":87,"column":null}},"5":{"start":{"line":13,"column":12},"end":{"line":13,"column":24}},"6":{"start":{"line":14,"column":21},"end":{"line":14,"column":35}},"7":{"start":{"line":23,"column":6},"end":{"line":23,"column":54}},"8":{"start":{"line":25,"column":4},"end":{"line":30,"column":null}},"9":{"start":{"line":26,"column":6},"end":{"line":29,"column":8}},"10":{"start":{"line":32,"column":24},"end":{"line":32,"column":64}},"11":{"start":{"line":34,"column":6},"end":{"line":34,"column":64}},"12":{"start":{"line":36,"column":20},"end":{"line":36,"column":54}},"13":{"start":{"line":38,"column":4},"end":{"line":43,"column":null}},"14":{"start":{"line":39,"column":6},"end":{"line":42,"column":8}},"15":{"start":{"line":46,"column":25},"end":{"line":48,"column":null}},"16":{"start":{"line":51,"column":4},"end":{"line":51,"column":27}},"17":{"start":{"line":84,"column":20},"end":{"line":84,"column":64}},"18":{"start":{"line":85,"column":4},"end":{"line":85,"column":41}},"19":{"start":{"line":11,"column":13},"end":{"line":87,"column":null}},"20":{"start":{"line":11,"column":13},"end":{"line":11,"column":24}}},"fnMap":{"0":{"name":"(anonymous_9)","decl":{"start":{"line":12,"column":2},"end":{"line":12,"column":null}},"loc":{"start":{"line":14,"column":47},"end":{"line":15,"column":6}}},"1":{"name":"(anonymous_10)","decl":{"start":{"line":18,"column":8},"end":{"line":18,"column":20}},"loc":{"start":{"line":21,"column":19},"end":{"line":52,"column":null}}},"2":{"name":"(anonymous_12)","decl":{"start":{"line":83,"column":2},"end":{"line":83,"column":15}},"loc":{"start":{"line":83,"column":31},"end":{"line":86,"column":3}}}},"branchMap":{"0":{"loc":{"start":{"line":25,"column":4},"end":{"line":30,"column":null}},"type":"if","locations":[{"start":{"line":25,"column":4},"end":{"line":30,"column":null}}]},"1":{"loc":{"start":{"line":34,"column":6},"end":{"line":34,"column":64}},"type":"cond-expr","locations":[{"start":{"line":34,"column":55},"end":{"line":34,"column":59}},{"start":{"line":34,"column":59},"end":{"line":34,"column":64}}]},"2":{"loc":{"start":{"line":34,"column":6},"end":{"line":34,"column":59}},"type":"binary-expr","locations":[{"start":{"line":34,"column":6},"end":{"line":34,"column":59}},{"start":{"line":34,"column":55},"end":{"line":34,"column":59}}]},"3":{"loc":{"start":{"line":34,"column":6},"end":{"line":34,"column":55}},"type":"cond-expr","locations":[{"start":{"line":34,"column":17},"end":{"line":34,"column":19}},{"start":{"line":34,"column":6},"end":{"line":34,"column":55}}]},"4":{"loc":{"start":{"line":34,"column":6},"end":{"line":34,"column":19}},"type":"binary-expr","locations":[{"start":{"line":34,"column":6},"end":{"line":34,"column":19}},{"start":{"line":34,"column":6},"end":{"line":34,"column":19}}]},"5":{"loc":{"start":{"line":38,"column":4},"end":{"line":43,"column":null}},"type":"if","locations":[{"start":{"line":38,"column":4},"end":{"line":43,"column":null}}]}},"s":{"0":7,"1":7,"2":7,"3":7,"4":7,"5":8,"6":8,"7":4,"8":4,"9":2,"10":2,"11":2,"12":2,"13":2,"14":0,"15":2,"16":2,"17":1,"18":1,"19":7,"20":7},"f":{"0":8,"1":4,"2":1},"b":{"0":[2],"1":[2,0],"2":[2,2],"3":[0,2],"4":[2,2],"5":[0]}}
,"/Users/johanque/Documents/Projects/yoga/definitive_project/mamaz_yoga_back/api/src/auth/dto/auth.dto.ts": {"path":"/Users/johanque/Documents/Projects/yoga/definitive_project/mamaz_yoga_back/api/src/auth/dto/auth.dto.ts","statementMap":{"0":{"start":{"line":1,"column":0},"end":{"line":1,"column":13}}},"fnMap":{},"branchMap":{},"s":{"0":0},"f":{},"b":{}}
,"/Users/johanque/Documents/Projects/yoga/definitive_project/mamaz_yoga_back/api/src/auth/dto/authentificated_user.dto.ts": {"path":"/Users/johanque/Documents/Projects/yoga/definitive_project/mamaz_yoga_back/api/src/auth/dto/authentificated_user.dto.ts","statementMap":{"0":{"start":{"line":1,"column":0},"end":{"line":1,"column":55}},"1":{"start":{"line":3,"column":0},"end":{"line":3,"column":13}},"2":{"start":{"line":13,"column":2},"end":{"line":15,"column":null}},"3":{"start":{"line":17,"column":2},"end":{"line":18,"column":null}},"4":{"start":{"line":20,"column":2},"end":{"line":21,"column":null}},"5":{"start":{"line":12,"column":0},"end":{"line":12,"column":13}}},"fnMap":{},"branchMap":{},"s":{"0":6,"1":6,"2":6,"3":6,"4":6,"5":6},"f":{},"b":{}}
,"/Users/johanque/Documents/Projects/yoga/definitive_project/mamaz_yoga_back/api/src/auth/dto/user_login.dto.ts": {"path":"/Users/johanque/Documents/Projects/yoga/definitive_project/mamaz_yoga_back/api/src/auth/dto/user_login.dto.ts","statementMap":{"0":{"start":{"line":1,"column":0},"end":{"line":1,"column":13}}},"fnMap":{},"branchMap":{},"s":{"0":0},"f":{},"b":{}}
,"/Users/johanque/Documents/Projects/yoga/definitive_project/mamaz_yoga_back/api/src/auth/dto/user_with_premium.dto.ts": {"path":"/Users/johanque/Documents/Projects/yoga/definitive_project/mamaz_yoga_back/api/src/auth/dto/user_with_premium.dto.ts","statementMap":{"0":{"start":{"line":1,"column":0},"end":{"line":1,"column":63}},"1":{"start":{"line":3,"column":0},"end":{"line":3,"column":13}}},"fnMap":{},"branchMap":{},"s":{"0":0,"1":0},"f":{},"b":{}}
,"/Users/johanque/Documents/Projects/yoga/definitive_project/mamaz_yoga_back/api/src/auth/guards/jwt.guards.ts": {"path":"/Users/johanque/Documents/Projects/yoga/definitive_project/mamaz_yoga_back/api/src/auth/guards/jwt.guards.ts","statementMap":{"0":{"start":{"line":1,"column":0},"end":{"line":1,"column":null}},"1":{"start":{"line":6,"column":0},"end":{"line":6,"column":45}},"2":{"start":{"line":10,"column":7},"end":{"line":35,"column":null}},"3":{"start":{"line":14,"column":4},"end":{"line":14,"column":38}},"4":{"start":{"line":18,"column":4},"end":{"line":20,"column":null}},"5":{"start":{"line":19,"column":6},"end":{"line":19,"column":47}},"6":{"start":{"line":22,"column":26},"end":{"line":22,"column":74}},"7":{"start":{"line":24,"column":4},"end":{"line":27,"column":8}},"8":{"start":{"line":25,"column":6},"end":{"line":27,"column":8}},"9":{"start":{"line":29,"column":4},"end":{"line":31,"column":null}},"10":{"start":{"line":30,"column":6},"end":{"line":30,"column":67}},"11":{"start":{"line":33,"column":4},"end":{"line":33,"column":16}},"12":{"start":{"line":10,"column":13},"end":{"line":35,"column":null}},"13":{"start":{"line":10,"column":13},"end":{"line":10,"column":25}}},"fnMap":{"0":{"name":"(anonymous_1)","decl":{"start":{"line":11,"column":2},"end":{"line":11,"column":13}},"loc":{"start":{"line":12,"column":29},"end":{"line":15,"column":3}}},"1":{"name":"(anonymous_2)","decl":{"start":{"line":17,"column":2},"end":{"line":17,"column":15}},"loc":{"start":{"line":17,"column":73},"end":{"line":34,"column":3}}}},"branchMap":{"0":{"loc":{"start":{"line":18,"column":4},"end":{"line":20,"column":null}},"type":"if","locations":[{"start":{"line":18,"column":4},"end":{"line":20,"column":null}}]},"1":{"loc":{"start":{"line":18,"column":8},"end":{"line":18,"column":20}},"type":"binary-expr","locations":[{"start":{"line":18,"column":8},"end":{"line":18,"column":11}},{"start":{"line":18,"column":15},"end":{"line":18,"column":20}}]},"2":{"loc":{"start":{"line":19,"column":12},"end":{"line":19,"column":46}},"type":"binary-expr","locations":[{"start":{"line":19,"column":12},"end":{"line":19,"column":15}},{"start":{"line":19,"column":19},"end":{"line":19,"column":46}}]},"3":{"loc":{"start":{"line":24,"column":4},"end":{"line":27,"column":8}},"type":"if","locations":[{"start":{"line":24,"column":4},"end":{"line":27,"column":8}}]},"4":{"loc":{"start":{"line":29,"column":4},"end":{"line":31,"column":null}},"type":"if","locations":[{"start":{"line":29,"column":4},"end":{"line":31,"column":null}}]}},"s":{"0":9,"1":9,"2":9,"3":0,"4":0,"5":0,"6":0,"7":0,"8":0,"9":0,"10":0,"11":0,"12":9,"13":9},"f":{"0":0,"1":0},"b":{"0":[0],"1":[0,0],"2":[0,0],"3":[0],"4":[0]}}
,"/Users/johanque/Documents/Projects/yoga/definitive_project/mamaz_yoga_back/api/src/auth/guards/local.guards.ts": {"path":"/Users/johanque/Documents/Projects/yoga/definitive_project/mamaz_yoga_back/api/src/auth/guards/local.guards.ts","statementMap":{"0":{"start":{"line":1,"column":0},"end":{"line":1,"column":62}},"1":{"start":{"line":2,"column":0},"end":{"line":2,"column":45}},"2":{"start":{"line":6,"column":7},"end":{"line":12,"column":null}},"3":{"start":{"line":10,"column":4},"end":{"line":10,"column":38}},"4":{"start":{"line":6,"column":13},"end":{"line":12,"column":null}},"5":{"start":{"line":6,"column":13},"end":{"line":6,"column":23}}},"fnMap":{"0":{"name":"(anonymous_1)","decl":{"start":{"line":7,"column":2},"end":{"line":7,"column":13}},"loc":{"start":{"line":8,"column":29},"end":{"line":11,"column":3}}}},"branchMap":{},"s":{"0":6,"1":6,"2":6,"3":2,"4":6,"5":6},"f":{"0":2},"b":{}}
,"/Users/johanque/Documents/Projects/yoga/definitive_project/mamaz_yoga_back/api/src/auth/strategies/jwt.strategy.ts": {"path":"/Users/johanque/Documents/Projects/yoga/definitive_project/mamaz_yoga_back/api/src/auth/strategies/jwt.strategy.ts","statementMap":{"0":{"start":{"line":1,"column":0},"end":{"line":1,"column":44}},"1":{"start":{"line":2,"column":0},"end":{"line":2,"column":52}},"2":{"start":{"line":3,"column":0},"end":{"line":3,"column":52}},"3":{"start":{"line":7,"column":7},"end":{"line":19,"column":null}},"4":{"start":{"line":9,"column":4},"end":{"line":13,"column":7}},"5":{"start":{"line":17,"column":4},"end":{"line":17,"column":19}},"6":{"start":{"line":7,"column":13},"end":{"line":19,"column":null}},"7":{"start":{"line":7,"column":13},"end":{"line":7,"column":24}}},"fnMap":{"0":{"name":"(anonymous_2)","decl":{"start":{"line":8,"column":2},"end":{"line":8,"column":null}},"loc":{"start":{"line":8,"column":2},"end":{"line":14,"column":3}}},"1":{"name":"(anonymous_3)","decl":{"start":{"line":16,"column":2},"end":{"line":16,"column":10}},"loc":{"start":{"line":16,"column":34},"end":{"line":18,"column":3}}}},"branchMap":{},"s":{"0":5,"1":5,"2":5,"3":5,"4":5,"5":0,"6":5,"7":5},"f":{"0":5,"1":0},"b":{}}
,"/Users/johanque/Documents/Projects/yoga/definitive_project/mamaz_yoga_back/api/src/auth/strategies/local.strategy.ts": {"path":"/Users/johanque/Documents/Projects/yoga/definitive_project/mamaz_yoga_back/api/src/auth/strategies/local.strategy.ts","statementMap":{"0":{"start":{"line":1,"column":0},"end":{"line":1,"column":52}},"1":{"start":{"line":2,"column":0},"end":{"line":2,"column":42}},"2":{"start":{"line":3,"column":0},"end":{"line":3,"column":46}},"3":{"start":{"line":4,"column":0},"end":{"line":4,"column":67}},"4":{"start":{"line":7,"column":7},"end":{"line":17,"column":null}},"5":{"start":{"line":9,"column":4},"end":{"line":9,"column":12}},"6":{"start":{"line":8,"column":22},"end":{"line":8,"column":35}},"7":{"start":{"line":13,"column":17},"end":{"line":13,"column":70}},"8":{"start":{"line":14,"column":4},"end":{"line":14,"column":49}},"9":{"start":{"line":14,"column":15},"end":{"line":14,"column":49}},"10":{"start":{"line":15,"column":4},"end":{"line":15,"column":16}},"11":{"start":{"line":7,"column":13},"end":{"line":17,"column":null}},"12":{"start":{"line":7,"column":13},"end":{"line":7,"column":26}}},"fnMap":{"0":{"name":"(anonymous_2)","decl":{"start":{"line":8,"column":2},"end":{"line":8,"column":22}},"loc":{"start":{"line":8,"column":46},"end":{"line":10,"column":3}}},"1":{"name":"(anonymous_3)","decl":{"start":{"line":12,"column":2},"end":{"line":12,"column":10}},"loc":{"start":{"line":12,"column":45},"end":{"line":16,"column":3}}}},"branchMap":{"0":{"loc":{"start":{"line":14,"column":4},"end":{"line":14,"column":49}},"type":"if","locations":[{"start":{"line":14,"column":4},"end":{"line":14,"column":49}}]}},"s":{"0":5,"1":5,"2":5,"3":5,"4":5,"5":5,"6":5,"7":2,"8":2,"9":0,"10":2,"11":5,"12":5},"f":{"0":5,"1":2},"b":{"0":[0]}}
,"/Users/johanque/Documents/Projects/yoga/definitive_project/mamaz_yoga_back/api/src/auth/utils/hash_verify_password.ts": {"path":"/Users/johanque/Documents/Projects/yoga/definitive_project/mamaz_yoga_back/api/src/auth/utils/hash_verify_password.ts","statementMap":{"0":{"start":{"line":1,"column":0},"end":{"line":1,"column":29}},"1":{"start":{"line":2,"column":0},"end":{"line":2,"column":49}},"2":{"start":{"line":7,"column":12},"end":{"line":7,"column":13}},"3":{"start":{"line":8,"column":17},"end":{"line":8,"column":21}},"4":{"start":{"line":9,"column":19},"end":{"line":9,"column":20}},"5":{"start":{"line":13,"column":17},"end":{"line":13,"column":60}},"6":{"start":{"line":14,"column":26},"end":{"line":14,"column":47}},"7":{"start":{"line":15,"column":2},"end":{"line":20,"column":null}},"8":{"start":{"line":16,"column":27},"end":{"line":16,"column":69}},"9":{"start":{"line":17,"column":4},"end":{"line":17,"column":26}},"10":{"start":{"line":19,"column":4},"end":{"line":19,"column":68}},"11":{"start":{"line":29,"column":9},"end":{"line":29,"column":21}},"12":{"start":{"line":24,"column":17},"end":{"line":24,"column":60}},"13":{"start":{"line":25,"column":26},"end":{"line":25,"column":47}},"14":{"start":{"line":26,"column":2},"end":{"line":26,"column":59}},"15":{"start":{"line":29,"column":23},"end":{"line":29,"column":37}}},"fnMap":{"0":{"name":"hashPassword","decl":{"start":{"line":12,"column":15},"end":{"line":12,"column":27}},"loc":{"start":{"line":12,"column":41},"end":{"line":21,"column":null}}},"1":{"name":"verifyPassword","decl":{"start":{"line":23,"column":9},"end":{"line":23,"column":23}},"loc":{"start":{"line":23,"column":54},"end":{"line":27,"column":1}}}},"branchMap":{},"s":{"0":7,"1":7,"2":7,"3":7,"4":7,"5":4,"6":4,"7":4,"8":4,"9":4,"10":0,"11":7,"12":2,"13":2,"14":2,"15":7},"f":{"0":4,"1":2},"b":{}}
,"/Users/johanque/Documents/Projects/yoga/definitive_project/mamaz_yoga_back/api/src/auth/utils/login_user.ts": {"path":"/Users/johanque/Documents/Projects/yoga/definitive_project/mamaz_yoga_back/api/src/auth/utils/login_user.ts","statementMap":{"0":{"start":{"line":1,"column":0},"end":{"line":1,"column":47}},"1":{"start":{"line":2,"column":0},"end":{"line":2,"column":56}},"2":{"start":{"line":6,"column":18},"end":{"line":6,"column":54}},"3":{"start":{"line":7,"column":2},"end":{"line":9,"column":null}},"4":{"start":{"line":8,"column":4},"end":{"line":8,"column":72}},"5":{"start":{"line":10,"column":2},"end":{"line":10,"column":17}},"6":{"start":{"line":13,"column":9},"end":{"line":13,"column":18}}},"fnMap":{"0":{"name":"loginUser","decl":{"start":{"line":5,"column":9},"end":{"line":5,"column":18}},"loc":{"start":{"line":5,"column":55},"end":{"line":11,"column":1}}}},"branchMap":{"0":{"loc":{"start":{"line":7,"column":2},"end":{"line":9,"column":null}},"type":"if","locations":[{"start":{"line":7,"column":2},"end":{"line":9,"column":null}}]}},"s":{"0":7,"1":7,"2":2,"3":2,"4":0,"5":2,"6":7},"f":{"0":2},"b":{"0":[0]}}
,"/Users/johanque/Documents/Projects/yoga/definitive_project/mamaz_yoga_back/api/src/auth/utils/password_hasher.ts": {"path":"/Users/johanque/Documents/Projects/yoga/definitive_project/mamaz_yoga_back/api/src/auth/utils/password_hasher.ts","statementMap":{"0":{"start":{"line":1,"column":0},"end":{"line":1,"column":28}},"1":{"start":{"line":2,"column":0},"end":{"line":2,"column":28}},"2":{"start":{"line":3,"column":0},"end":{"line":3,"column":33}},"3":{"start":{"line":4,"column":0},"end":{"line":4,"column":34}},"4":{"start":{"line":6,"column":0},"end":{"line":6,"column":49}},"5":{"start":{"line":7,"column":0},"end":{"line":7,"column":40}},"6":{"start":{"line":8,"column":0},"end":{"line":8,"column":42}},"7":{"start":{"line":9,"column":0},"end":{"line":9,"column":55}},"8":{"start":{"line":11,"column":13},"end":{"line":11,"column":32}},"9":{"start":{"line":12,"column":13},"end":{"line":12,"column":31}},"10":{"start":{"line":27,"column":4},"end":{"line":27,"column":52}},"11":{"start":{"line":29,"column":4},"end":{"line":30,"column":73}},"12":{"start":{"line":32,"column":4},"end":{"line":33,"column":31}},"13":{"start":{"line":33,"column":6},"end":{"line":33,"column":31}},"14":{"start":{"line":35,"column":4},"end":{"line":35,"column":53}},"15":{"start":{"line":37,"column":4},"end":{"line":37,"column":43}},"16":{"start":{"line":39,"column":18},"end":{"line":39,"column":29}},"17":{"start":{"line":41,"column":17},"end":{"line":41,"column":37}},"18":{"start":{"line":43,"column":4},"end":{"line":43,"column":42}},"19":{"start":{"line":59,"column":20},"end":{"line":67,"column":6}},"20":{"start":{"line":60,"column":19},"end":{"line":60,"column":21}},"21":{"start":{"line":62,"column":27},"end":{"line":62,"column":58}},"22":{"start":{"line":64,"column":6},"end":{"line":66,"column":9}},"23":{"start":{"line":65,"column":8},"end":{"line":65,"column":41}},"24":{"start":{"line":69,"column":4},"end":{"line":69,"column":19}},"25":{"start":{"line":73,"column":17},"end":{"line":73,"column":19}},"26":{"start":{"line":75,"column":12},"end":{"line":75,"column":13}},"27":{"start":{"line":80,"column":4},"end":{"line":114,"column":24}},"28":{"start":{"line":81,"column":6},"end":{"line":81,"column":37}},"29":{"start":{"line":83,"column":6},"end":{"line":83,"column":23}},"30":{"start":{"line":85,"column":6},"end":{"line":85,"column":51}},"31":{"start":{"line":87,"column":6},"end":{"line":89,"column":null}},"32":{"start":{"line":88,"column":8},"end":{"line":88,"column":43}},"33":{"start":{"line":91,"column":6},"end":{"line":91,"column":30}},"34":{"start":{"line":93,"column":6},"end":{"line":93,"column":51}},"35":{"start":{"line":95,"column":6},"end":{"line":97,"column":null}},"36":{"start":{"line":96,"column":8},"end":{"line":96,"column":14}},"37":{"start":{"line":99,"column":6},"end":{"line":101,"column":null}},"38":{"start":{"line":100,"column":8},"end":{"line":100,"column":44}},"39":{"start":{"line":103,"column":6},"end":{"line":103,"column":31}},"40":{"start":{"line":105,"column":6},"end":{"line":105,"column":51}},"41":{"start":{"line":107,"column":6},"end":{"line":109,"column":null}},"42":{"start":{"line":108,"column":8},"end":{"line":108,"column":14}},"43":{"start":{"line":111,"column":6},"end":{"line":111,"column":31}},"44":{"start":{"line":113,"column":6},"end":{"line":113,"column":51}},"45":{"start":{"line":116,"column":4},"end":{"line":116,"column":18}},"46":{"start":{"line":120,"column":17},"end":{"line":120,"column":22}},"47":{"start":{"line":124,"column":16},"end":{"line":124,"column":51}},"48":{"start":{"line":126,"column":18},"end":{"line":126,"column":63}},"49":{"start":{"line":128,"column":17},"end":{"line":128,"column":42}},"50":{"start":{"line":130,"column":20},"end":{"line":130,"column":43}},"51":{"start":{"line":132,"column":4},"end":{"line":132,"column":32}},"52":{"start":{"line":134,"column":4},"end":{"line":134,"column":35}},"53":{"start":{"line":136,"column":4},"end":{"line":136,"column":18}},"54":{"start":{"line":140,"column":17},"end":{"line":140,"column":21}},"55":{"start":{"line":142,"column":4},"end":{"line":142,"column":54}},"56":{"start":{"line":142,"column":40},"end":{"line":142,"column":54}},"57":{"start":{"line":144,"column":15},"end":{"line":144,"column":35}},"58":{"start":{"line":148,"column":4},"end":{"line":148,"column":50}},"59":{"start":{"line":148,"column":36},"end":{"line":148,"column":50}},"60":{"start":{"line":150,"column":23},"end":{"line":150,"column":61}},"61":{"start":{"line":152,"column":4},"end":{"line":152,"column":57}},"62":{"start":{"line":152,"column":43},"end":{"line":152,"column":57}},"63":{"start":{"line":154,"column":16},"end":{"line":154,"column":31}},"64":{"start":{"line":156,"column":17},"end":{"line":156,"column":37}},"65":{"start":{"line":158,"column":4},"end":{"line":160,"column":null}},"66":{"start":{"line":159,"column":6},"end":{"line":159,"column":20}},"67":{"start":{"line":162,"column":15},"end":{"line":165,"column":23}},"68":{"start":{"line":167,"column":4},"end":{"line":172,"column":22}},"69":{"start":{"line":168,"column":6},"end":{"line":171,"column":26}},"70":{"start":{"line":174,"column":4},"end":{"line":174,"column":35}},"71":{"start":{"line":176,"column":4},"end":{"line":176,"column":51}},"72":{"start":{"line":178,"column":4},"end":{"line":178,"column":18}},"73":{"start":{"line":182,"column":21},"end":{"line":182,"column":64}},"74":{"start":{"line":188,"column":16},"end":{"line":188,"column":37}},"75":{"start":{"line":190,"column":17},"end":{"line":190,"column":20}},"76":{"start":{"line":192,"column":4},"end":{"line":192,"column":60}},"77":{"start":{"line":194,"column":4},"end":{"line":194,"column":67}},"78":{"start":{"line":196,"column":4},"end":{"line":196,"column":68}},"79":{"start":{"line":198,"column":4},"end":{"line":198,"column":68}},"80":{"start":{"line":200,"column":4},"end":{"line":200,"column":51}},"81":{"start":{"line":202,"column":4},"end":{"line":202,"column":18}},"82":{"start":{"line":223,"column":6},"end":{"line":223,"column":72}},"83":{"start":{"line":225,"column":17},"end":{"line":225,"column":23}},"84":{"start":{"line":227,"column":4},"end":{"line":227,"column":74}},"85":{"start":{"line":229,"column":4},"end":{"line":229,"column":76}},"86":{"start":{"line":231,"column":4},"end":{"line":231,"column":26}},"87":{"start":{"line":233,"column":12},"end":{"line":233,"column":13}},"88":{"start":{"line":235,"column":4},"end":{"line":263,"column":16}},"89":{"start":{"line":236,"column":15},"end":{"line":236,"column":37}},"90":{"start":{"line":238,"column":6},"end":{"line":238,"column":52}},"91":{"start":{"line":240,"column":6},"end":{"line":240,"column":28}},"92":{"start":{"line":242,"column":6},"end":{"line":246,"column":null}},"93":{"start":{"line":243,"column":8},"end":{"line":243,"column":49}},"94":{"start":{"line":245,"column":8},"end":{"line":245,"column":14}},"95":{"start":{"line":248,"column":15},"end":{"line":248,"column":37}},"96":{"start":{"line":250,"column":6},"end":{"line":250,"column":20}},"97":{"start":{"line":252,"column":6},"end":{"line":252,"column":47}},"98":{"start":{"line":254,"column":6},"end":{"line":254,"column":28}},"99":{"start":{"line":256,"column":6},"end":{"line":256,"column":34}},"100":{"start":{"line":258,"column":6},"end":{"line":258,"column":20}},"101":{"start":{"line":260,"column":6},"end":{"line":260,"column":47}},"102":{"start":{"line":262,"column":6},"end":{"line":262,"column":54}},"103":{"start":{"line":265,"column":4},"end":{"line":265,"column":18}},"104":{"start":{"line":283,"column":4},"end":{"line":283,"column":31}},"105":{"start":{"line":285,"column":4},"end":{"line":287,"column":null}},"106":{"start":{"line":286,"column":6},"end":{"line":286,"column":17}},"107":{"start":{"line":289,"column":17},"end":{"line":289,"column":19}},"108":{"start":{"line":291,"column":4},"end":{"line":297,"column":null}},"109":{"start":{"line":292,"column":6},"end":{"line":292,"column":44}},"110":{"start":{"line":293,"column":11},"end":{"line":297,"column":null}},"111":{"start":{"line":294,"column":6},"end":{"line":294,"column":49}},"112":{"start":{"line":296,"column":6},"end":{"line":296,"column":58}},"113":{"start":{"line":313,"column":4},"end":{"line":337,"column":7}},"114":{"start":{"line":314,"column":6},"end":{"line":336,"column":41}},"115":{"start":{"line":317,"column":10},"end":{"line":333,"column":13}},"116":{"start":{"line":318,"column":12},"end":{"line":332,"column":null}},"117":{"start":{"line":319,"column":14},"end":{"line":319,"column":26}},"118":{"start":{"line":321,"column":14},"end":{"line":331,"column":null}},"119":{"start":{"line":322,"column":16},"end":{"line":322,"column":30}},"120":{"start":{"line":326,"column":16},"end":{"line":330,"column":51}},"121":{"start":{"line":328,"column":34},"end":{"line":328,"column":47}},"122":{"start":{"line":330,"column":36},"end":{"line":330,"column":49}},"123":{"start":{"line":336,"column":26},"end":{"line":336,"column":39}},"124":{"start":{"line":353,"column":4},"end":{"line":391,"column":7}},"125":{"start":{"line":354,"column":6},"end":{"line":390,"column":null}},"126":{"start":{"line":355,"column":8},"end":{"line":374,"column":43}},"127":{"start":{"line":358,"column":23},"end":{"line":360,"column":null}},"128":{"start":{"line":363,"column":12},"end":{"line":371,"column":null}},"129":{"start":{"line":364,"column":14},"end":{"line":364,"column":28}},"130":{"start":{"line":366,"column":14},"end":{"line":370,"column":49}},"131":{"start":{"line":368,"column":32},"end":{"line":368,"column":45}},"132":{"start":{"line":370,"column":34},"end":{"line":370,"column":47}},"133":{"start":{"line":374,"column":28},"end":{"line":374,"column":41}},"134":{"start":{"line":376,"column":19},"end":{"line":378,"column":null}},"135":{"start":{"line":381,"column":8},"end":{"line":389,"column":null}},"136":{"start":{"line":382,"column":10},"end":{"line":382,"column":24}},"137":{"start":{"line":384,"column":10},"end":{"line":388,"column":45}},"138":{"start":{"line":386,"column":28},"end":{"line":386,"column":41}},"139":{"start":{"line":388,"column":30},"end":{"line":388,"column":43}},"140":{"start":{"line":413,"column":4},"end":{"line":447,"column":7}},"141":{"start":{"line":414,"column":6},"end":{"line":446,"column":null}},"142":{"start":{"line":415,"column":8},"end":{"line":431,"column":43}},"143":{"start":{"line":418,"column":23},"end":{"line":421,"column":null}},"144":{"start":{"line":424,"column":12},"end":{"line":428,"column":null}},"145":{"start":{"line":425,"column":14},"end":{"line":425,"column":28}},"146":{"start":{"line":427,"column":14},"end":{"line":427,"column":27}},"147":{"start":{"line":431,"column":28},"end":{"line":431,"column":41}},"148":{"start":{"line":433,"column":19},"end":{"line":433,"column":77}},"149":{"start":{"line":435,"column":8},"end":{"line":445,"column":null}},"150":{"start":{"line":436,"column":10},"end":{"line":436,"column":24}},"151":{"start":{"line":444,"column":10},"end":{"line":444,"column":23}},"152":{"start":{"line":451,"column":4},"end":{"line":453,"column":null}},"153":{"start":{"line":452,"column":6},"end":{"line":452,"column":19}},"154":{"start":{"line":455,"column":15},"end":{"line":455,"column":56}},"155":{"start":{"line":457,"column":4},"end":{"line":458,"column":63}},"156":{"start":{"line":458,"column":6},"end":{"line":458,"column":63}},"157":{"start":{"line":460,"column":4},"end":{"line":460,"column":32}},"158":{"start":{"line":15,"column":0},"end":{"line":15,"column":13}}},"fnMap":{"0":{"name":"(anonymous_1)","decl":{"start":{"line":22,"column":2},"end":{"line":22,"column":null}},"loc":{"start":{"line":25,"column":29},"end":{"line":44,"column":3}}},"1":{"name":"(anonymous_2)","decl":{"start":{"line":58,"column":2},"end":{"line":58,"column":18}},"loc":{"start":{"line":58,"column":29},"end":{"line":70,"column":3}}},"2":{"name":"(anonymous_3)","decl":{"start":{"line":59,"column":32},"end":{"line":59,"column":33}},"loc":{"start":{"line":59,"column":52},"end":{"line":67,"column":5}}},"3":{"name":"(anonymous_4)","decl":{"start":{"line":64,"column":41},"end":{"line":64,"column":51}},"loc":{"start":{"line":64,"column":60},"end":{"line":66,"column":7}}},"4":{"name":"(anonymous_5)","decl":{"start":{"line":72,"column":2},"end":{"line":72,"column":10}},"loc":{"start":{"line":72,"column":33},"end":{"line":117,"column":3}}},"5":{"name":"(anonymous_6)","decl":{"start":{"line":119,"column":2},"end":{"line":119,"column":17}},"loc":{"start":{"line":119,"column":28},"end":{"line":137,"column":3}}},"6":{"name":"(anonymous_7)","decl":{"start":{"line":139,"column":2},"end":{"line":139,"column":15}},"loc":{"start":{"line":139,"column":43},"end":{"line":179,"column":3}}},"7":{"name":"(anonymous_8)","decl":{"start":{"line":181,"column":2},"end":{"line":181,"column":18}},"loc":{"start":{"line":181,"column":29},"end":{"line":203,"column":3}}},"8":{"name":"(anonymous_9)","decl":{"start":{"line":205,"column":2},"end":{"line":205,"column":18}},"loc":{"start":{"line":205,"column":29},"end":{"line":266,"column":3}}},"9":{"name":"(anonymous_10)","decl":{"start":{"line":282,"column":2},"end":{"line":282,"column":14}},"loc":{"start":{"line":282,"column":45},"end":{"line":298,"column":3}}},"10":{"name":"(anonymous_11)","decl":{"start":{"line":312,"column":2},"end":{"line":312,"column":17}},"loc":{"start":{"line":312,"column":31},"end":{"line":338,"column":3}}},"11":{"name":"(anonymous_12)","decl":{"start":{"line":313,"column":23},"end":{"line":313,"column":24}},"loc":{"start":{"line":313,"column":43},"end":{"line":337,"column":5}}},"12":{"name":"(anonymous_13)","decl":{"start":{"line":316,"column":14},"end":{"line":316,"column":15}},"loc":{"start":{"line":316,"column":25},"end":{"line":334,"column":9}}},"13":{"name":"(anonymous_14)","decl":{"start":{"line":317,"column":63},"end":{"line":317,"column":64}},"loc":{"start":{"line":317,"column":77},"end":{"line":333,"column":11}}},"14":{"name":"(anonymous_15)","decl":{"start":{"line":328,"column":24},"end":{"line":328,"column":25}},"loc":{"start":{"line":328,"column":34},"end":{"line":328,"column":47}}},"15":{"name":"(anonymous_16)","decl":{"start":{"line":330,"column":25},"end":{"line":330,"column":26}},"loc":{"start":{"line":330,"column":36},"end":{"line":330,"column":49}}},"16":{"name":"(anonymous_17)","decl":{"start":{"line":336,"column":15},"end":{"line":336,"column":16}},"loc":{"start":{"line":336,"column":26},"end":{"line":336,"column":39}}},"17":{"name":"(anonymous_18)","decl":{"start":{"line":352,"column":2},"end":{"line":352,"column":14}},"loc":{"start":{"line":352,"column":41},"end":{"line":392,"column":3}}},"18":{"name":"(anonymous_19)","decl":{"start":{"line":353,"column":23},"end":{"line":353,"column":24}},"loc":{"start":{"line":353,"column":43},"end":{"line":391,"column":5}}},"19":{"name":"(anonymous_20)","decl":{"start":{"line":357,"column":16},"end":{"line":357,"column":17}},"loc":{"start":{"line":357,"column":27},"end":{"line":372,"column":11}}},"20":{"name":"(anonymous_21)","decl":{"start":{"line":368,"column":22},"end":{"line":368,"column":23}},"loc":{"start":{"line":368,"column":32},"end":{"line":368,"column":45}}},"21":{"name":"(anonymous_22)","decl":{"start":{"line":370,"column":23},"end":{"line":370,"column":24}},"loc":{"start":{"line":370,"column":34},"end":{"line":370,"column":47}}},"22":{"name":"(anonymous_23)","decl":{"start":{"line":374,"column":17},"end":{"line":374,"column":18}},"loc":{"start":{"line":374,"column":28},"end":{"line":374,"column":41}}},"23":{"name":"(anonymous_24)","decl":{"start":{"line":386,"column":18},"end":{"line":386,"column":19}},"loc":{"start":{"line":386,"column":28},"end":{"line":386,"column":41}}},"24":{"name":"(anonymous_25)","decl":{"start":{"line":388,"column":19},"end":{"line":388,"column":20}},"loc":{"start":{"line":388,"column":30},"end":{"line":388,"column":43}}},"25":{"name":"(anonymous_26)","decl":{"start":{"line":406,"column":2},"end":{"line":406,"column":23}},"loc":{"start":{"line":406,"column":50},"end":{"line":448,"column":3}}},"26":{"name":"(anonymous_27)","decl":{"start":{"line":413,"column":23},"end":{"line":413,"column":24}},"loc":{"start":{"line":413,"column":43},"end":{"line":447,"column":5}}},"27":{"name":"(anonymous_28)","decl":{"start":{"line":417,"column":16},"end":{"line":417,"column":17}},"loc":{"start":{"line":417,"column":27},"end":{"line":429,"column":11}}},"28":{"name":"(anonymous_29)","decl":{"start":{"line":431,"column":17},"end":{"line":431,"column":18}},"loc":{"start":{"line":431,"column":28},"end":{"line":431,"column":41}}},"29":{"name":"(anonymous_30)","decl":{"start":{"line":450,"column":2},"end":{"line":450,"column":15}},"loc":{"start":{"line":450,"column":47},"end":{"line":461,"column":3}}}},"branchMap":{"0":{"loc":{"start":{"line":27,"column":29},"end":{"line":27,"column":51}},"type":"binary-expr","locations":[{"start":{"line":27,"column":29},"end":{"line":27,"column":46}},{"start":{"line":27,"column":50},"end":{"line":27,"column":51}}]},"1":{"loc":{"start":{"line":32,"column":4},"end":{"line":33,"column":31}},"type":"if","locations":[{"start":{"line":32,"column":4},"end":{"line":33,"column":31}}]},"2":{"loc":{"start":{"line":32,"column":8},"end":{"line":32,"column":61}},"type":"binary-expr","locations":[{"start":{"line":32,"column":8},"end":{"line":32,"column":32}},{"start":{"line":32,"column":36},"end":{"line":32,"column":61}}]},"3":{"loc":{"start":{"line":87,"column":6},"end":{"line":89,"column":null}},"type":"if","locations":[{"start":{"line":87,"column":6},"end":{"line":89,"column":null}}]},"4":{"loc":{"start":{"line":95,"column":6},"end":{"line":97,"column":null}},"type":"if","locations":[{"start":{"line":95,"column":6},"end":{"line":97,"column":null}}]},"5":{"loc":{"start":{"line":99,"column":6},"end":{"line":101,"column":null}},"type":"if","locations":[{"start":{"line":99,"column":6},"end":{"line":101,"column":null}}]},"6":{"loc":{"start":{"line":107,"column":6},"end":{"line":109,"column":null}},"type":"if","locations":[{"start":{"line":107,"column":6},"end":{"line":109,"column":null}}]},"7":{"loc":{"start":{"line":124,"column":16},"end":{"line":124,"column":51}},"type":"cond-expr","locations":[{"start":{"line":124,"column":46},"end":{"line":124,"column":47}},{"start":{"line":124,"column":50},"end":{"line":124,"column":51}}]},"8":{"loc":{"start":{"line":142,"column":4},"end":{"line":142,"column":54}},"type":"if","locations":[{"start":{"line":142,"column":4},"end":{"line":142,"column":54}}]},"9":{"loc":{"start":{"line":148,"column":4},"end":{"line":148,"column":50}},"type":"if","locations":[{"start":{"line":148,"column":4},"end":{"line":148,"column":50}}]},"10":{"loc":{"start":{"line":148,"column":8},"end":{"line":148,"column":34}},"type":"binary-expr","locations":[{"start":{"line":148,"column":8},"end":{"line":148,"column":19}},{"start":{"line":148,"column":23},"end":{"line":148,"column":34}}]},"11":{"loc":{"start":{"line":152,"column":4},"end":{"line":152,"column":57}},"type":"if","locations":[{"start":{"line":152,"column":4},"end":{"line":152,"column":57}}]},"12":{"loc":{"start":{"line":152,"column":8},"end":{"line":152,"column":41}},"type":"binary-expr","locations":[{"start":{"line":152,"column":8},"end":{"line":152,"column":22}},{"start":{"line":152,"column":26},"end":{"line":152,"column":41}}]},"13":{"loc":{"start":{"line":158,"column":4},"end":{"line":160,"column":null}},"type":"if","locations":[{"start":{"line":158,"column":4},"end":{"line":160,"column":null}}]},"14":{"loc":{"start":{"line":242,"column":6},"end":{"line":246,"column":null}},"type":"if","locations":[{"start":{"line":242,"column":6},"end":{"line":246,"column":null}}]},"15":{"loc":{"start":{"line":283,"column":16},"end":{"line":283,"column":30}},"type":"binary-expr","locations":[{"start":{"line":283,"column":16},"end":{"line":283,"column":25}},{"start":{"line":283,"column":29},"end":{"line":283,"column":30}}]},"16":{"loc":{"start":{"line":285,"column":4},"end":{"line":287,"column":null}},"type":"if","locations":[{"start":{"line":285,"column":4},"end":{"line":287,"column":null}}]},"17":{"loc":{"start":{"line":291,"column":4},"end":{"line":297,"column":null}},"type":"if","locations":[{"start":{"line":291,"column":4},"end":{"line":297,"column":null}},{"start":{"line":293,"column":11},"end":{"line":297,"column":null}}]},"18":{"loc":{"start":{"line":291,"column":8},"end":{"line":291,"column":59}},"type":"binary-expr","locations":[{"start":{"line":291,"column":8},"end":{"line":291,"column":34}},{"start":{"line":291,"column":38},"end":{"line":291,"column":59}}]},"19":{"loc":{"start":{"line":293,"column":11},"end":{"line":297,"column":null}},"type":"if","locations":[{"start":{"line":293,"column":11},"end":{"line":297,"column":null}},{"start":{"line":295,"column":11},"end":{"line":297,"column":null}}]},"20":{"loc":{"start":{"line":293,"column":15},"end":{"line":293,"column":65}},"type":"binary-expr","locations":[{"start":{"line":293,"column":15},"end":{"line":293,"column":40}},{"start":{"line":293,"column":44},"end":{"line":293,"column":65}}]},"21":{"loc":{"start":{"line":318,"column":12},"end":{"line":332,"column":null}},"type":"if","locations":[{"start":{"line":318,"column":12},"end":{"line":332,"column":null}},{"start":{"line":320,"column":19},"end":{"line":332,"column":null}}]},"22":{"loc":{"start":{"line":321,"column":14},"end":{"line":331,"column":null}},"type":"if","locations":[{"start":{"line":321,"column":14},"end":{"line":331,"column":null}},{"start":{"line":323,"column":21},"end":{"line":331,"column":null}}]},"23":{"loc":{"start":{"line":354,"column":6},"end":{"line":390,"column":null}},"type":"if","locations":[{"start":{"line":354,"column":6},"end":{"line":390,"column":null}},{"start":{"line":375,"column":13},"end":{"line":390,"column":null}}]},"24":{"loc":{"start":{"line":363,"column":12},"end":{"line":371,"column":null}},"type":"if","locations":[{"start":{"line":363,"column":12},"end":{"line":371,"column":null}},{"start":{"line":365,"column":19},"end":{"line":371,"column":null}}]},"25":{"loc":{"start":{"line":381,"column":8},"end":{"line":389,"column":null}},"type":"if","locations":[{"start":{"line":381,"column":8},"end":{"line":389,"column":null}},{"start":{"line":383,"column":15},"end":{"line":389,"column":null}}]},"26":{"loc":{"start":{"line":414,"column":6},"end":{"line":446,"column":null}},"type":"if","locations":[{"start":{"line":414,"column":6},"end":{"line":446,"column":null}},{"start":{"line":432,"column":13},"end":{"line":446,"column":null}}]},"27":{"loc":{"start":{"line":424,"column":12},"end":{"line":428,"column":null}},"type":"if","locations":[{"start":{"line":424,"column":12},"end":{"line":428,"column":null}},{"start":{"line":426,"column":19},"end":{"line":428,"column":null}}]},"28":{"loc":{"start":{"line":435,"column":8},"end":{"line":445,"column":null}},"type":"if","locations":[{"start":{"line":435,"column":8},"end":{"line":445,"column":null}},{"start":{"line":437,"column":15},"end":{"line":445,"column":null}}]},"29":{"loc":{"start":{"line":451,"column":4},"end":{"line":453,"column":null}},"type":"if","locations":[{"start":{"line":451,"column":4},"end":{"line":453,"column":null}}]},"30":{"loc":{"start":{"line":457,"column":4},"end":{"line":458,"column":63}},"type":"if","locations":[{"start":{"line":457,"column":4},"end":{"line":458,"column":63}}]}},"s":{"0":7,"1":7,"2":7,"3":7,"4":7,"5":7,"6":7,"7":7,"8":7,"9":7,"10":11,"11":11,"12":11,"13":0,"14":11,"15":11,"16":11,"17":11,"18":11,"19":4,"20":4,"21":4,"22":4,"23":4,"24":4,"25":10,"26":10,"27":10,"28":44,"29":44,"30":44,"31":44,"32":38,"33":44,"34":44,"35":44,"36":6,"37":38,"38":38,"39":38,"40":38,"41":38,"42":0,"43":38,"44":38,"45":10,"46":4,"47":4,"48":4,"49":4,"50":4,"51":4,"52":4,"53":4,"54":6,"55":6,"56":0,"57":6,"58":6,"59":0,"60":6,"61":6,"62":0,"63":6,"64":6,"65":6,"66":0,"67":6,"68":6,"69":49152,"70":6,"71":6,"72":6,"73":0,"74":0,"75":0,"76":0,"77":0,"78":0,"79":0,"80":0,"81":0,"82":0,"83":0,"84":0,"85":0,"86":0,"87":0,"88":0,"89":0,"90":0,"91":0,"92":0,"93":0,"94":0,"95":0,"96":0,"97":0,"98":0,"99":0,"100":0,"101":0,"102":0,"103":0,"104":4,"105":4,"106":0,"107":4,"108":4,"109":0,"110":4,"111":0,"112":4,"113":0,"114":0,"115":0,"116":0,"117":0,"118":0,"119":0,"120":0,"121":0,"122":0,"123":0,"124":0,"125":0,"126":0,"127":0,"128":0,"129":0,"130":0,"131":0,"132":0,"133":0,"134":0,"135":0,"136":0,"137":0,"138":0,"139":0,"140":4,"141":4,"142":4,"143":4,"144":4,"145":4,"146":0,"147":0,"148":0,"149":0,"150":0,"151":0,"152":2,"153":0,"154":2,"155":2,"156":0,"157":2,"158":7},"f":{"0":11,"1":4,"2":4,"3":4,"4":10,"5":4,"6":6,"7":0,"8":0,"9":4,"10":0,"11":0,"12":0,"13":0,"14":0,"15":0,"16":0,"17":0,"18":0,"19":0,"20":0,"21":0,"22":0,"23":0,"24":0,"25":4,"26":4,"27":4,"28":0,"29":2},"b":{"0":[11,5],"1":[0],"2":[11,11],"3":[38],"4":[6],"5":[38],"6":[0],"7":[4,0],"8":[0],"9":[0],"10":[6,0],"11":[0],"12":[6,6],"13":[0],"14":[0],"15":[4,4],"16":[0],"17":[0,4],"18":[4,0],"19":[0,4],"20":[4,0],"21":[0,0],"22":[0,0],"23":[0,0],"24":[0,0],"25":[0,0],"26":[4,0],"27":[4,0],"28":[0,0],"29":[0],"30":[0]}}
,"/Users/johanque/Documents/Projects/yoga/definitive_project/mamaz_yoga_back/api/src/database/database.module.ts": {"path":"/Users/johanque/Documents/Projects/yoga/definitive_project/mamaz_yoga_back/api/src/database/database.module.ts","statementMap":{"0":{"start":{"line":1,"column":0},"end":{"line":1,"column":61}},"1":{"start":{"line":2,"column":0},"end":{"line":2,"column":64}},"2":{"start":{"line":3,"column":0},"end":{"line":3,"column":71}},"3":{"start":{"line":4,"column":0},"end":{"line":4,"column":93}},"4":{"start":{"line":5,"column":0},"end":{"line":5,"column":55}},"5":{"start":{"line":6,"column":0},"end":{"line":6,"column":71}},"6":{"start":{"line":7,"column":0},"end":{"line":7,"column":40}},"7":{"start":{"line":8,"column":0},"end":{"line":8,"column":61}},"8":{"start":{"line":9,"column":0},"end":{"line":9,"column":48}},"9":{"start":{"line":51,"column":7},"end":{"line":51,"column":null}},"10":{"start":{"line":51,"column":13},"end":{"line":51,"column":null}},"11":{"start":{"line":20,"column":8},"end":{"line":20,"column":70}},"12":{"start":{"line":21,"column":8},"end":{"line":21,"column":78}},"13":{"start":{"line":22,"column":8},"end":{"line":22,"column":78}},"14":{"start":{"line":23,"column":8},"end":{"line":23,"column":79}},"15":{"start":{"line":24,"column":8},"end":{"line":24,"column":70}},"16":{"start":{"line":25,"column":8},"end":{"line":28,"column":10}},"17":{"start":{"line":29,"column":8},"end":{"line":45,"column":10}},"18":{"start":{"line":51,"column":13},"end":{"line":51,"column":27}}},"fnMap":{"0":{"name":"(anonymous_1)","decl":{"start":{"line":19,"column":18},"end":{"line":19,"column":19}},"loc":{"start":{"line":19,"column":51},"end":{"line":46,"column":7}}}},"branchMap":{"0":{"loc":{"start":{"line":15,"column":19},"end":{"line":15,"column":77}},"type":"cond-expr","locations":[{"start":{"line":15,"column":53},"end":{"line":15,"column":66}},{"start":{"line":15,"column":69},"end":{"line":15,"column":77}}]}},"s":{"0":5,"1":5,"2":5,"3":5,"4":5,"5":5,"6":5,"7":5,"8":5,"9":5,"10":5,"11":5,"12":5,"13":5,"14":5,"15":5,"16":5,"17":5,"18":5},"f":{"0":5},"b":{"0":[5,0]}}
,"/Users/johanque/Documents/Projects/yoga/definitive_project/mamaz_yoga_back/api/src/members/members.controller.ts": {"path":"/Users/johanque/Documents/Projects/yoga/definitive_project/mamaz_yoga_back/api/src/members/members.controller.ts","statementMap":{"0":{"start":{"line":1,"column":0},"end":{"line":1,"column":null}},"1":{"start":{"line":14,"column":0},"end":{"line":14,"column":51}},"2":{"start":{"line":15,"column":0},"end":{"line":15,"column":50}},"3":{"start":{"line":16,"column":0},"end":{"line":16,"column":58}},"4":{"start":{"line":17,"column":0},"end":{"line":17,"column":59}},"5":{"start":{"line":22,"column":7},"end":{"line":68,"column":null}},"6":{"start":{"line":23,"column":22},"end":{"line":23,"column":38}},"7":{"start":{"line":27,"column":4},"end":{"line":27,"column":41}},"8":{"start":{"line":34,"column":4},"end":{"line":44,"column":null}},"9":{"start":{"line":35,"column":21},"end":{"line":35,"column":58}},"10":{"start":{"line":36,"column":6},"end":{"line":38,"column":null}},"11":{"start":{"line":37,"column":10},"end":{"line":37,"column":79}},"12":{"start":{"line":39,"column":6},"end":{"line":39,"column":20}},"13":{"start":{"line":41,"column":6},"end":{"line":43,"column":null}},"14":{"start":{"line":42,"column":8},"end":{"line":42,"column":20}},"15":{"start":{"line":49,"column":4},"end":{"line":49,"column":46}},"16":{"start":{"line":57,"column":21},"end":{"line":57,"column":74}},"17":{"start":{"line":58,"column":4},"end":{"line":60,"column":null}},"18":{"start":{"line":59,"column":6},"end":{"line":59,"column":68}},"19":{"start":{"line":65,"column":4},"end":{"line":65,"column":41}},"20":{"start":{"line":66,"column":4},"end":{"line":66,"column":29}},"21":{"start":{"line":26,"column":8},"end":{"line":28,"column":null}},"22":{"start":{"line":31,"column":8},"end":{"line":45,"column":null}},"23":{"start":{"line":48,"column":8},"end":{"line":50,"column":null}},"24":{"start":{"line":53,"column":8},"end":{"line":61,"column":null}},"25":{"start":{"line":64,"column":8},"end":{"line":67,"column":null}},"26":{"start":{"line":22,"column":13},"end":{"line":68,"column":null}},"27":{"start":{"line":22,"column":13},"end":{"line":22,"column":30}}},"fnMap":{"0":{"name":"(anonymous_11)","decl":{"start":{"line":23,"column":2},"end":{"line":23,"column":22}},"loc":{"start":{"line":23,"column":52},"end":{"line":23,"column":56}}},"1":{"name":"(anonymous_12)","decl":{"start":{"line":26,"column":8},"end":{"line":26,"column":15}},"loc":{"start":{"line":26,"column":15},"end":{"line":28,"column":null}}},"2":{"name":"(anonymous_14)","decl":{"start":{"line":31,"column":8},"end":{"line":31,"column":15}},"loc":{"start":{"line":32,"column":41},"end":{"line":45,"column":null}}},"3":{"name":"(anonymous_16)","decl":{"start":{"line":48,"column":8},"end":{"line":48,"column":14}},"loc":{"start":{"line":48,"column":37},"end":{"line":50,"column":null}}},"4":{"name":"(anonymous_18)","decl":{"start":{"line":53,"column":8},"end":{"line":53,"column":14}},"loc":{"start":{"line":55,"column":44},"end":{"line":61,"column":null}}},"5":{"name":"(anonymous_20)","decl":{"start":{"line":64,"column":8},"end":{"line":64,"column":14}},"loc":{"start":{"line":64,"column":38},"end":{"line":67,"column":null}}}},"branchMap":{"0":{"loc":{"start":{"line":36,"column":6},"end":{"line":38,"column":null}},"type":"if","locations":[{"start":{"line":36,"column":6},"end":{"line":38,"column":null}}]},"1":{"loc":{"start":{"line":41,"column":6},"end":{"line":43,"column":null}},"type":"if","locations":[{"start":{"line":41,"column":6},"end":{"line":43,"column":null}}]},"2":{"loc":{"start":{"line":58,"column":4},"end":{"line":60,"column":null}},"type":"if","locations":[{"start":{"line":58,"column":4},"end":{"line":60,"column":null}}]}},"s":{"0":7,"1":7,"2":7,"3":7,"4":7,"5":7,"6":20,"7":3,"8":6,"9":6,"10":3,"11":0,"12":3,"13":3,"14":3,"15":3,"16":6,"17":4,"18":1,"19":4,"20":3,"21":7,"22":7,"23":7,"24":7,"25":7,"26":7,"27":7},"f":{"0":20,"1":3,"2":6,"3":3,"4":6,"5":4},"b":{"0":[0],"1":[3],"2":[1]}}
,"/Users/johanque/Documents/Projects/yoga/definitive_project/mamaz_yoga_back/api/src/members/members.module.ts": {"path":"/Users/johanque/Documents/Projects/yoga/definitive_project/mamaz_yoga_back/api/src/members/members.module.ts","statementMap":{"0":{"start":{"line":1,"column":0},"end":{"line":1,"column":40}},"1":{"start":{"line":2,"column":0},"end":{"line":2,"column":48}},"2":{"start":{"line":3,"column":0},"end":{"line":3,"column":51}},"3":{"start":{"line":4,"column":0},"end":{"line":4,"column":57}},"4":{"start":{"line":5,"column":0},"end":{"line":5,"column":50}},"5":{"start":{"line":12,"column":7},"end":{"line":12,"column":null}},"6":{"start":{"line":12,"column":13},"end":{"line":12,"column":null}},"7":{"start":{"line":12,"column":13},"end":{"line":12,"column":26}}},"fnMap":{},"branchMap":{},"s":{"0":5,"1":5,"2":5,"3":5,"4":5,"5":5,"6":5,"7":5},"f":{},"b":{}}
,"/Users/johanque/Documents/Projects/yoga/definitive_project/mamaz_yoga_back/api/src/members/members.service.ts": {"path":"/Users/johanque/Documents/Projects/yoga/definitive_project/mamaz_yoga_back/api/src/members/members.service.ts","statementMap":{"0":{"start":{"line":1,"column":0},"end":{"line":1,"column":null}},"1":{"start":{"line":8,"column":0},"end":{"line":8,"column":51}},"2":{"start":{"line":9,"column":0},"end":{"line":9,"column":null}},"3":{"start":{"line":14,"column":0},"end":{"line":14,"column":50}},"4":{"start":{"line":20,"column":7},"end":{"line":93,"column":null}},"5":{"start":{"line":23,"column":12},"end":{"line":23,"column":30}},"6":{"start":{"line":24,"column":21},"end":{"line":24,"column":36}},"7":{"start":{"line":29,"column":19},"end":{"line":29,"column":46}},"8":{"start":{"line":30,"column":4},"end":{"line":30,"column":42}},"9":{"start":{"line":34,"column":23},"end":{"line":34,"column":57}},"10":{"start":{"line":35,"column":4},"end":{"line":42,"column":null}},"11":{"start":{"line":36,"column":6},"end":{"line":39,"column":8}},"12":{"start":{"line":41,"column":6},"end":{"line":41,"column":35}},"13":{"start":{"line":48,"column":4},"end":{"line":70,"column":null}},"14":{"start":{"line":49,"column":28},"end":{"line":51,"column":8}},"15":{"start":{"line":53,"column":6},"end":{"line":55,"column":null}},"16":{"start":{"line":54,"column":8},"end":{"line":54,"column":79}},"17":{"start":{"line":57,"column":6},"end":{"line":62,"column":null}},"18":{"start":{"line":58,"column":8},"end":{"line":61,"column":10}},"19":{"start":{"line":64,"column":6},"end":{"line":66,"column":null}},"20":{"start":{"line":65,"column":8},"end":{"line":65,"column":20}},"21":{"start":{"line":67,"column":6},"end":{"line":69,"column":8}},"22":{"start":{"line":75,"column":33},"end":{"line":77,"column":null}},"23":{"start":{"line":79,"column":4},"end":{"line":81,"column":null}},"24":{"start":{"line":80,"column":6},"end":{"line":80,"column":68}},"25":{"start":{"line":82,"column":4},"end":{"line":82,"column":28}},"26":{"start":{"line":87,"column":19},"end":{"line":87,"column":57}},"27":{"start":{"line":88,"column":4},"end":{"line":90,"column":null}},"28":{"start":{"line":89,"column":8},"end":{"line":89,"column":70}},"29":{"start":{"line":91,"column":4},"end":{"line":91,"column":41}},"30":{"start":{"line":86,"column":8},"end":{"line":92,"column":null}},"31":{"start":{"line":20,"column":13},"end":{"line":93,"column":null}},"32":{"start":{"line":20,"column":13},"end":{"line":20,"column":27}}},"fnMap":{"0":{"name":"(anonymous_11)","decl":{"start":{"line":21,"column":2},"end":{"line":21,"column":null}},"loc":{"start":{"line":24,"column":49},"end":{"line":25,"column":6}}},"1":{"name":"(anonymous_12)","decl":{"start":{"line":28,"column":8},"end":{"line":28,"column":14}},"loc":{"start":{"line":28,"column":47},"end":{"line":31,"column":null}}},"2":{"name":"(anonymous_14)","decl":{"start":{"line":33,"column":8},"end":{"line":33,"column":15}},"loc":{"start":{"line":33,"column":15},"end":{"line":43,"column":null}}},"3":{"name":"(anonymous_16)","decl":{"start":{"line":45,"column":8},"end":{"line":45,"column":15}},"loc":{"start":{"line":46,"column":14},"end":{"line":71,"column":null}}},"4":{"name":"(anonymous_18)","decl":{"start":{"line":74,"column":8},"end":{"line":74,"column":14}},"loc":{"start":{"line":74,"column":54},"end":{"line":83,"column":null}}},"5":{"name":"(anonymous_20)","decl":{"start":{"line":86,"column":8},"end":{"line":86,"column":14}},"loc":{"start":{"line":86,"column":52},"end":{"line":92,"column":null}}}},"branchMap":{"0":{"loc":{"start":{"line":35,"column":4},"end":{"line":42,"column":null}},"type":"if","locations":[{"start":{"line":35,"column":4},"end":{"line":42,"column":null}},{"start":{"line":40,"column":11},"end":{"line":42,"column":null}}]},"1":{"loc":{"start":{"line":53,"column":6},"end":{"line":55,"column":null}},"type":"if","locations":[{"start":{"line":53,"column":6},"end":{"line":55,"column":null}}]},"2":{"loc":{"start":{"line":57,"column":6},"end":{"line":62,"column":null}},"type":"if","locations":[{"start":{"line":57,"column":6},"end":{"line":62,"column":null}}]},"3":{"loc":{"start":{"line":64,"column":6},"end":{"line":66,"column":null}},"type":"if","locations":[{"start":{"line":64,"column":6},"end":{"line":66,"column":null}}]},"4":{"loc":{"start":{"line":79,"column":4},"end":{"line":81,"column":null}},"type":"if","locations":[{"start":{"line":79,"column":4},"end":{"line":81,"column":null}}]},"5":{"loc":{"start":{"line":88,"column":4},"end":{"line":90,"column":null}},"type":"if","locations":[{"start":{"line":88,"column":4},"end":{"line":90,"column":null}}]}},"s":{"0":8,"1":8,"2":8,"3":8,"4":8,"5":14,"6":14,"7":2,"8":2,"9":3,"10":3,"11":2,"12":1,"13":4,"14":4,"15":4,"16":2,"17":2,"18":2,"19":2,"20":2,"21":0,"22":4,"23":4,"24":2,"25":2,"26":3,"27":3,"28":1,"29":2,"30":8,"31":8,"32":8},"f":{"0":14,"1":2,"2":3,"3":4,"4":4,"5":3},"b":{"0":[2,1],"1":[2],"2":[2],"3":[2],"4":[2],"5":[1]}}
,"/Users/johanque/Documents/Projects/yoga/definitive_project/mamaz_yoga_back/api/src/members/dto/create-member.dto.ts": {"path":"/Users/johanque/Documents/Projects/yoga/definitive_project/mamaz_yoga_back/api/src/members/dto/create-member.dto.ts","statementMap":{"0":{"start":{"line":1,"column":0},"end":{"line":1,"column":null}},"1":{"start":{"line":10,"column":2},"end":{"line":12,"column":null}},"2":{"start":{"line":14,"column":2},"end":{"line":16,"column":null}},"3":{"start":{"line":18,"column":2},"end":{"line":20,"column":null}},"4":{"start":{"line":22,"column":2},"end":{"line":24,"column":null}},"5":{"start":{"line":26,"column":2},"end":{"line":28,"column":null}},"6":{"start":{"line":30,"column":2},"end":{"line":32,"column":null}},"7":{"start":{"line":34,"column":2},"end":{"line":36,"column":null}},"8":{"start":{"line":38,"column":2},"end":{"line":40,"column":null}},"9":{"start":{"line":42,"column":2},"end":{"line":44,"column":null}},"10":{"start":{"line":46,"column":2},"end":{"line":48,"column":null}},"11":{"start":{"line":50,"column":2},"end":{"line":52,"column":null}},"12":{"start":{"line":54,"column":2},"end":{"line":56,"column":null}},"13":{"start":{"line":9,"column":0},"end":{"line":9,"column":13}}},"fnMap":{},"branchMap":{},"s":{"0":7,"1":7,"2":7,"3":7,"4":7,"5":7,"6":7,"7":7,"8":7,"9":7,"10":7,"11":7,"12":7,"13":7},"f":{},"b":{}}
,"/Users/johanque/Documents/Projects/yoga/definitive_project/mamaz_yoga_back/api/src/members/dto/update-member.dto.ts": {"path":"/Users/johanque/Documents/Projects/yoga/definitive_project/mamaz_yoga_back/api/src/members/dto/update-member.dto.ts","statementMap":{"0":{"start":{"line":1,"column":0},"end":{"line":1,"column":51}},"1":{"start":{"line":2,"column":0},"end":{"line":2,"column":54}},"2":{"start":{"line":3,"column":0},"end":{"line":3,"column":62}},"3":{"start":{"line":6,"column":2},"end":{"line":8,"column":null}},"4":{"start":{"line":10,"column":2},"end":{"line":12,"column":null}},"5":{"start":{"line":5,"column":0},"end":{"line":5,"column":13}}},"fnMap":{},"branchMap":{},"s":{"0":7,"1":7,"2":7,"3":7,"4":7,"5":7},"f":{},"b":{}}
,"/Users/johanque/Documents/Projects/yoga/definitive_project/mamaz_yoga_back/api/src/members/dto/tests/members.integration.ts": {"path":"/Users/johanque/Documents/Projects/yoga/definitive_project/mamaz_yoga_back/api/src/members/dto/tests/members.integration.ts","statementMap":{"0":{"start":{"line":2,"column":0},"end":{"line":2,"column":54}},"1":{"start":{"line":3,"column":0},"end":{"line":3,"column":32}},"2":{"start":{"line":4,"column":0},"end":{"line":4,"column":48}},"3":{"start":{"line":6,"column":0},"end":{"line":6,"column":54}},"4":{"start":{"line":7,"column":0},"end":{"line":7,"column":53}},"5":{"start":{"line":10,"column":0},"end":{"line":167,"column":3}},"6":{"start":{"line":14,"column":2},"end":{"line":23,"column":5}},"7":{"start":{"line":14,"column":23},"end":{"line":23,"column":4}},"8":{"start":{"line":15,"column":41},"end":{"line":17,"column":16}},"9":{"start":{"line":19,"column":4},"end":{"line":19,"column":48}},"10":{"start":{"line":20,"column":4},"end":{"line":20,"column":21}},"11":{"start":{"line":22,"column":4},"end":{"line":22,"column":89}},"12":{"start":{"line":25,"column":2},"end":{"line":27,"column":5}},"13":{"start":{"line":25,"column":23},"end":{"line":27,"column":4}},"14":{"start":{"line":26,"column":4},"end":{"line":26,"column":35}},"15":{"start":{"line":29,"column":2},"end":{"line":31,"column":5}},"16":{"start":{"line":29,"column":22},"end":{"line":31,"column":4}},"17":{"start":{"line":30,"column":4},"end":{"line":30,"column":22}},"18":{"start":{"line":33,"column":2},"end":{"line":57,"column":5}},"19":{"start":{"line":33,"column":45},"end":{"line":57,"column":4}},"20":{"start":{"line":34,"column":45},"end":{"line":47,"column":6}},"21":{"start":{"line":49,"column":21},"end":{"line":52,"column":18}},"22":{"start":{"line":54,"column":19},"end":{"line":54,"column":110}},"23":{"start":{"line":55,"column":4},"end":{"line":55,"column":33}},"24":{"start":{"line":56,"column":4},"end":{"line":56,"column":72}},"25":{"start":{"line":59,"column":2},"end":{"line":84,"column":5}},"26":{"start":{"line":59,"column":70},"end":{"line":84,"column":4}},"27":{"start":{"line":60,"column":45},"end":{"line":73,"column":6}},"28":{"start":{"line":75,"column":4},"end":{"line":75,"column":49}},"29":{"start":{"line":77,"column":21},"end":{"line":79,"column":18}},"30":{"start":{"line":81,"column":4},"end":{"line":81,"column":57}},"31":{"start":{"line":82,"column":4},"end":{"line":82,"column":57}},"32":{"start":{"line":83,"column":4},"end":{"line":83,"column":86}},"33":{"start":{"line":86,"column":2},"end":{"line":109,"column":5}},"34":{"start":{"line":86,"column":76},"end":{"line":109,"column":4}},"35":{"start":{"line":87,"column":45},"end":{"line":100,"column":6}},"36":{"start":{"line":102,"column":4},"end":{"line":102,"column":49}},"37":{"start":{"line":104,"column":21},"end":{"line":106,"column":18}},"38":{"start":{"line":108,"column":4},"end":{"line":108,"column":83}},"39":{"start":{"line":111,"column":2},"end":{"line":140,"column":5}},"40":{"start":{"line":111,"column":63},"end":{"line":140,"column":4}},"41":{"start":{"line":112,"column":45},"end":{"line":125,"column":6}},"42":{"start":{"line":127,"column":4},"end":{"line":127,"column":49}},"43":{"start":{"line":129,"column":28},"end":{"line":131,"column":6}},"44":{"start":{"line":133,"column":4},"end":{"line":136,"column":19}},"45":{"start":{"line":138,"column":26},"end":{"line":138,"column":117}},"46":{"start":{"line":139,"column":4},"end":{"line":139,"column":79}},"47":{"start":{"line":142,"column":2},"end":{"line":166,"column":5}},"48":{"start":{"line":142,"column":66},"end":{"line":166,"column":4}},"49":{"start":{"line":143,"column":45},"end":{"line":156,"column":6}},"50":{"start":{"line":158,"column":4},"end":{"line":158,"column":49}},"51":{"start":{"line":160,"column":4},"end":{"line":162,"column":19}},"52":{"start":{"line":164,"column":19},"end":{"line":164,"column":110}},"53":{"start":{"line":165,"column":4},"end":{"line":165,"column":30}}},"fnMap":{"0":{"name":"(anonymous_8)","decl":{"start":{"line":10,"column":36},"end":{"line":10,"column":39}},"loc":{"start":{"line":10,"column":41},"end":{"line":167,"column":1}}},"1":{"name":"(anonymous_9)","decl":{"start":{"line":14,"column":12},"end":{"line":14,"column":21}},"loc":{"start":{"line":14,"column":23},"end":{"line":23,"column":4}}},"2":{"name":"(anonymous_10)","decl":{"start":{"line":14,"column":23},"end":{"line":14,"column":null}},"loc":{"start":{"line":14,"column":23},"end":{"line":23,"column":3}}},"3":{"name":"(anonymous_11)","decl":{"start":{"line":25,"column":12},"end":{"line":25,"column":21}},"loc":{"start":{"line":25,"column":23},"end":{"line":27,"column":4}}},"4":{"name":"(anonymous_12)","decl":{"start":{"line":25,"column":23},"end":{"line":25,"column":null}},"loc":{"start":{"line":25,"column":23},"end":{"line":27,"column":3}}},"5":{"name":"(anonymous_13)","decl":{"start":{"line":29,"column":11},"end":{"line":29,"column":20}},"loc":{"start":{"line":29,"column":22},"end":{"line":31,"column":4}}},"6":{"name":"(anonymous_14)","decl":{"start":{"line":29,"column":22},"end":{"line":29,"column":null}},"loc":{"start":{"line":29,"column":22},"end":{"line":31,"column":3}}},"7":{"name":"(anonymous_15)","decl":{"start":{"line":33,"column":34},"end":{"line":33,"column":43}},"loc":{"start":{"line":33,"column":45},"end":{"line":57,"column":4}}},"8":{"name":"(anonymous_16)","decl":{"start":{"line":33,"column":45},"end":{"line":33,"column":null}},"loc":{"start":{"line":33,"column":45},"end":{"line":57,"column":3}}},"9":{"name":"(anonymous_17)","decl":{"start":{"line":59,"column":59},"end":{"line":59,"column":68}},"loc":{"start":{"line":59,"column":70},"end":{"line":84,"column":4}}},"10":{"name":"(anonymous_18)","decl":{"start":{"line":59,"column":70},"end":{"line":59,"column":null}},"loc":{"start":{"line":59,"column":70},"end":{"line":84,"column":3}}},"11":{"name":"(anonymous_19)","decl":{"start":{"line":86,"column":65},"end":{"line":86,"column":74}},"loc":{"start":{"line":86,"column":76},"end":{"line":109,"column":4}}},"12":{"name":"(anonymous_20)","decl":{"start":{"line":86,"column":76},"end":{"line":86,"column":null}},"loc":{"start":{"line":86,"column":76},"end":{"line":109,"column":3}}},"13":{"name":"(anonymous_21)","decl":{"start":{"line":111,"column":52},"end":{"line":111,"column":61}},"loc":{"start":{"line":111,"column":63},"end":{"line":140,"column":4}}},"14":{"name":"(anonymous_22)","decl":{"start":{"line":111,"column":63},"end":{"line":111,"column":null}},"loc":{"start":{"line":111,"column":63},"end":{"line":140,"column":3}}},"15":{"name":"(anonymous_23)","decl":{"start":{"line":142,"column":55},"end":{"line":142,"column":64}},"loc":{"start":{"line":142,"column":66},"end":{"line":166,"column":4}}},"16":{"name":"(anonymous_24)","decl":{"start":{"line":142,"column":66},"end":{"line":142,"column":null}},"loc":{"start":{"line":142,"column":66},"end":{"line":166,"column":3}}}},"branchMap":{"0":{"loc":{"start":{"line":56,"column":11},"end":{"line":56,"column":33}},"type":"cond-expr","locations":[{"start":{"line":56,"column":17},"end":{"line":56,"column":19}},{"start":{"line":56,"column":11},"end":{"line":56,"column":33}}]},"1":{"loc":{"start":{"line":56,"column":11},"end":{"line":56,"column":19}},"type":"binary-expr","locations":[{"start":{"line":56,"column":11},"end":{"line":56,"column":19}},{"start":{"line":56,"column":11},"end":{"line":56,"column":19}}]},"2":{"loc":{"start":{"line":139,"column":11},"end":{"line":139,"column":40}},"type":"cond-expr","locations":[{"start":{"line":139,"column":24},"end":{"line":139,"column":26}},{"start":{"line":139,"column":11},"end":{"line":139,"column":40}}]},"3":{"loc":{"start":{"line":139,"column":11},"end":{"line":139,"column":26}},"type":"binary-expr","locations":[{"start":{"line":139,"column":11},"end":{"line":139,"column":26}},{"start":{"line":139,"column":11},"end":{"line":139,"column":26}}]}},"s":{"0":0,"1":0,"2":0,"3":0,"4":0,"5":0,"6":0,"7":0,"8":0,"9":0,"10":0,"11":0,"12":0,"13":0,"14":0,"15":0,"16":0,"17":0,"18":0,"19":0,"20":0,"21":0,"22":0,"23":0,"24":0,"25":0,"26":0,"27":0,"28":0,"29":0,"30":0,"31":0,"32":0,"33":0,"34":0,"35":0,"36":0,"37":0,"38":0,"39":0,"40":0,"41":0,"42":0,"43":0,"44":0,"45":0,"46":0,"47":0,"48":0,"49":0,"50":0,"51":0,"52":0,"53":0},"f":{"0":0,"1":0,"2":0,"3":0,"4":0,"5":0,"6":0,"7":0,"8":0,"9":0,"10":0,"11":0,"12":0,"13":0,"14":0,"15":0,"16":0},"b":{"0":[0,0],"1":[0,0],"2":[0,0],"3":[0,0]}}
,"/Users/johanque/Documents/Projects/yoga/definitive_project/mamaz_yoga_back/api/src/members/entities/member.entity.ts": {"path":"/Users/johanque/Documents/Projects/yoga/definitive_project/mamaz_yoga_back/api/src/members/entities/member.entity.ts","statementMap":{"0":{"start":{"line":1,"column":0},"end":{"line":1,"column":77}},"1":{"start":{"line":4,"column":7},"end":{"line":48,"column":null}},"2":{"start":{"line":46,"column":4},"end":{"line":46,"column":32}},"3":{"start":{"line":5,"column":2},"end":{"line":6,"column":null}},"4":{"start":{"line":8,"column":2},"end":{"line":9,"column":null}},"5":{"start":{"line":11,"column":2},"end":{"line":12,"column":null}},"6":{"start":{"line":14,"column":2},"end":{"line":15,"column":null}},"7":{"start":{"line":17,"column":2},"end":{"line":18,"column":null}},"8":{"start":{"line":20,"column":2},"end":{"line":21,"column":null}},"9":{"start":{"line":23,"column":2},"end":{"line":24,"column":null}},"10":{"start":{"line":26,"column":2},"end":{"line":31,"column":null}},"11":{"start":{"line":29,"column":19},"end":{"line":29,"column":38}},"12":{"start":{"line":33,"column":2},"end":{"line":34,"column":null}},"13":{"start":{"line":36,"column":2},"end":{"line":37,"column":null}},"14":{"start":{"line":39,"column":2},"end":{"line":40,"column":null}},"15":{"start":{"line":42,"column":2},"end":{"line":43,"column":null}},"16":{"start":{"line":4,"column":13},"end":{"line":48,"column":null}},"17":{"start":{"line":4,"column":13},"end":{"line":4,"column":19}}},"fnMap":{"0":{"name":"(anonymous_2)","decl":{"start":{"line":45,"column":2},"end":{"line":45,"column":14}},"loc":{"start":{"line":45,"column":37},"end":{"line":47,"column":3}}},"1":{"name":"(anonymous_3)","decl":{"start":{"line":29,"column":13},"end":{"line":29,"column":16}},"loc":{"start":{"line":29,"column":19},"end":{"line":29,"column":38}}}},"branchMap":{},"s":{"0":8,"1":8,"2":61,"3":8,"4":8,"5":8,"6":8,"7":8,"8":8,"9":8,"10":8,"11":0,"12":8,"13":8,"14":8,"15":8,"16":8,"17":8},"f":{"0":61,"1":0},"b":{}}
,"/Users/johanque/Documents/Projects/yoga/definitive_project/mamaz_yoga_back/api/src/posts/posts.controller.ts": {"path":"/Users/johanque/Documents/Projects/yoga/definitive_project/mamaz_yoga_back/api/src/posts/posts.controller.ts","statementMap":{"0":{"start":{"line":1,"column":0},"end":{"line":1,"column":null}},"1":{"start":{"line":15,"column":0},"end":{"line":15,"column":47}},"2":{"start":{"line":16,"column":0},"end":{"line":16,"column":54}},"3":{"start":{"line":17,"column":0},"end":{"line":17,"column":54}},"4":{"start":{"line":22,"column":7},"end":{"line":76,"column":null}},"5":{"start":{"line":23,"column":31},"end":{"line":23,"column":45}},"6":{"start":{"line":31,"column":6},"end":{"line":31,"column":53}},"7":{"start":{"line":37,"column":4},"end":{"line":37,"column":39}},"8":{"start":{"line":43,"column":26},"end":{"line":43,"column":65}},"9":{"start":{"line":44,"column":4},"end":{"line":46,"column":null}},"10":{"start":{"line":45,"column":6},"end":{"line":45,"column":60}},"11":{"start":{"line":47,"column":4},"end":{"line":47,"column":25}},"12":{"start":{"line":53,"column":4},"end":{"line":63,"column":null}},"13":{"start":{"line":54,"column":22},"end":{"line":54,"column":58}},"14":{"start":{"line":55,"column":6},"end":{"line":57,"column":null}},"15":{"start":{"line":56,"column":10},"end":{"line":56,"column":79}},"16":{"start":{"line":58,"column":6},"end":{"line":58,"column":21}},"17":{"start":{"line":60,"column":6},"end":{"line":62,"column":null}},"18":{"start":{"line":61,"column":8},"end":{"line":61,"column":20}},"19":{"start":{"line":68,"column":4},"end":{"line":68,"column":56}},"20":{"start":{"line":73,"column":4},"end":{"line":73,"column":40}},"21":{"start":{"line":74,"column":4},"end":{"line":74,"column":25}},"22":{"start":{"line":30,"column":10},"end":{"line":32,"column":null}},"23":{"start":{"line":35,"column":2},"end":{"line":38,"column":null}},"24":{"start":{"line":42,"column":8},"end":{"line":48,"column":null}},"25":{"start":{"line":52,"column":8},"end":{"line":64,"column":null}},"26":{"start":{"line":66,"column":2},"end":{"line":69,"column":null}},"27":{"start":{"line":72,"column":8},"end":{"line":75,"column":null}},"28":{"start":{"line":22,"column":13},"end":{"line":76,"column":null}},"29":{"start":{"line":22,"column":13},"end":{"line":22,"column":28}}},"fnMap":{"0":{"name":"(anonymous_11)","decl":{"start":{"line":23,"column":2},"end":{"line":23,"column":31}},"loc":{"start":{"line":23,"column":57},"end":{"line":23,"column":61}}},"1":{"name":"(anonymous_12)","decl":{"start":{"line":30,"column":10},"end":{"line":30,"column":16}},"loc":{"start":{"line":30,"column":53},"end":{"line":32,"column":null}}},"2":{"name":"(anonymous_14)","decl":{"start":{"line":36,"column":2},"end":{"line":36,"column":9}},"loc":{"start":{"line":36,"column":9},"end":{"line":38,"column":3}}},"3":{"name":"(anonymous_15)","decl":{"start":{"line":42,"column":8},"end":{"line":42,"column":21}},"loc":{"start":{"line":42,"column":21},"end":{"line":48,"column":null}}},"4":{"name":"(anonymous_17)","decl":{"start":{"line":52,"column":8},"end":{"line":52,"column":15}},"loc":{"start":{"line":52,"column":39},"end":{"line":64,"column":null}}},"5":{"name":"(anonymous_19)","decl":{"start":{"line":67,"column":2},"end":{"line":67,"column":8}},"loc":{"start":{"line":67,"column":70},"end":{"line":69,"column":3}}},"6":{"name":"(anonymous_20)","decl":{"start":{"line":72,"column":8},"end":{"line":72,"column":14}},"loc":{"start":{"line":72,"column":38},"end":{"line":75,"column":null}}}},"branchMap":{"0":{"loc":{"start":{"line":44,"column":4},"end":{"line":46,"column":null}},"type":"if","locations":[{"start":{"line":44,"column":4},"end":{"line":46,"column":null}}]},"1":{"loc":{"start":{"line":55,"column":6},"end":{"line":57,"column":null}},"type":"if","locations":[{"start":{"line":55,"column":6},"end":{"line":57,"column":null}}]},"2":{"loc":{"start":{"line":60,"column":6},"end":{"line":62,"column":null}},"type":"if","locations":[{"start":{"line":60,"column":6},"end":{"line":62,"column":null}}]}},"s":{"0":6,"1":6,"2":6,"3":6,"4":6,"5":13,"6":2,"7":1,"8":2,"9":2,"10":1,"11":1,"12":3,"13":3,"14":3,"15":1,"16":2,"17":1,"18":1,"19":2,"20":2,"21":2,"22":6,"23":6,"24":6,"25":6,"26":6,"27":6,"28":6,"29":6},"f":{"0":13,"1":2,"2":1,"3":2,"4":3,"5":2,"6":2},"b":{"0":[1],"1":[1],"2":[1]}}
,"/Users/johanque/Documents/Projects/yoga/definitive_project/mamaz_yoga_back/api/src/posts/posts.module.ts": {"path":"/Users/johanque/Documents/Projects/yoga/definitive_project/mamaz_yoga_back/api/src/posts/posts.module.ts","statementMap":{"0":{"start":{"line":1,"column":0},"end":{"line":1,"column":40}},"1":{"start":{"line":2,"column":0},"end":{"line":2,"column":47}},"2":{"start":{"line":3,"column":0},"end":{"line":3,"column":53}},"3":{"start":{"line":4,"column":0},"end":{"line":4,"column":48}},"4":{"start":{"line":5,"column":0},"end":{"line":5,"column":55}},"5":{"start":{"line":6,"column":0},"end":{"line":6,"column":71}},"6":{"start":{"line":7,"column":0},"end":{"line":7,"column":70}},"7":{"start":{"line":8,"column":0},"end":{"line":8,"column":78}},"8":{"start":{"line":15,"column":7},"end":{"line":15,"column":null}},"9":{"start":{"line":15,"column":13},"end":{"line":15,"column":null}},"10":{"start":{"line":15,"column":13},"end":{"line":15,"column":24}}},"fnMap":{},"branchMap":{},"s":{"0":5,"1":5,"2":5,"3":5,"4":5,"5":5,"6":5,"7":5,"8":5,"9":5,"10":5},"f":{},"b":{}}
,"/Users/johanque/Documents/Projects/yoga/definitive_project/mamaz_yoga_back/api/src/posts/posts.service.ts": {"path":"/Users/johanque/Documents/Projects/yoga/definitive_project/mamaz_yoga_back/api/src/posts/posts.service.ts","statementMap":{"0":{"start":{"line":1,"column":0},"end":{"line":1,"column":null}},"1":{"start":{"line":8,"column":0},"end":{"line":8,"column":79}},"2":{"start":{"line":9,"column":0},"end":{"line":9,"column":55}},"3":{"start":{"line":10,"column":0},"end":{"line":10,"column":51}},"4":{"start":{"line":11,"column":0},"end":{"line":11,"column":70}},"5":{"start":{"line":12,"column":0},"end":{"line":12,"column":78}},"6":{"start":{"line":15,"column":7},"end":{"line":144,"column":null}},"7":{"start":{"line":18,"column":12},"end":{"line":18,"column":29}},"8":{"start":{"line":19,"column":21},"end":{"line":19,"column":36}},"9":{"start":{"line":20,"column":21},"end":{"line":20,"column":43}},"10":{"start":{"line":21,"column":21},"end":{"line":21,"column":47}},"11":{"start":{"line":25,"column":17},"end":{"line":25,"column":44}},"12":{"start":{"line":26,"column":4},"end":{"line":26,"column":40}},"13":{"start":{"line":30,"column":4},"end":{"line":30,"column":39}},"14":{"start":{"line":34,"column":4},"end":{"line":75,"column":null}},"15":{"start":{"line":35,"column":25},"end":{"line":47,"column":18}},"16":{"start":{"line":48,"column":33},"end":{"line":67,"column":8}},"17":{"start":{"line":50,"column":10},"end":{"line":51,"column":37}},"18":{"start":{"line":50,"column":45},"end":{"line":50,"column":79}},"19":{"start":{"line":53,"column":10},"end":{"line":55,"column":16}},"20":{"start":{"line":57,"column":10},"end":{"line":57,"column":75}},"21":{"start":{"line":59,"column":8},"end":{"line":66,"column":10}},"22":{"start":{"line":69,"column":6},"end":{"line":72,"column":8}},"23":{"start":{"line":74,"column":6},"end":{"line":74,"column":21}},"24":{"start":{"line":81,"column":4},"end":{"line":129,"column":null}},"25":{"start":{"line":82,"column":26},"end":{"line":86,"column":17}},"26":{"start":{"line":87,"column":24},"end":{"line":87,"column":33}},"27":{"start":{"line":88,"column":30},"end":{"line":88,"column":39}},"28":{"start":{"line":90,"column":6},"end":{"line":92,"column":null}},"29":{"start":{"line":91,"column":8},"end":{"line":91,"column":73}},"30":{"start":{"line":93,"column":6},"end":{"line":103,"column":9}},"31":{"start":{"line":94,"column":8},"end":{"line":102,"column":null}},"32":{"start":{"line":95,"column":10},"end":{"line":97,"column":12}},"33":{"start":{"line":98,"column":10},"end":{"line":101,"column":14}},"34":{"start":{"line":105,"column":6},"end":{"line":121,"column":8}},"35":{"start":{"line":123,"column":6},"end":{"line":125,"column":null}},"36":{"start":{"line":124,"column":8},"end":{"line":124,"column":20}},"37":{"start":{"line":126,"column":6},"end":{"line":128,"column":8}},"38":{"start":{"line":133,"column":33},"end":{"line":135,"column":null}},"39":{"start":{"line":137,"column":4},"end":{"line":137,"column":28}},"40":{"start":{"line":141,"column":4},"end":{"line":141,"column":42}},"41":{"start":{"line":142,"column":4},"end":{"line":142,"column":39}},"42":{"start":{"line":15,"column":13},"end":{"line":144,"column":null}},"43":{"start":{"line":15,"column":13},"end":{"line":15,"column":25}}},"fnMap":{"0":{"name":"(anonymous_11)","decl":{"start":{"line":16,"column":2},"end":{"lin
[...]
}},"26":{"start":{"line":65,"column":19},"end":{"line":68,"column":8}},"27":{"start":{"line":69,"column":6},"end":{"line":69,"column":31}},"28":{"start":{"line":70,"column":6},"end":{"line":70,"column":47}},"29":{"start":{"line":80,"column":4},"end":{"line":80,"column":68}},"30":{"start":{"line":85,"column":4},"end":{"line":85,"column":59}},"31":{"start":{"line":94,"column":4},"end":{"line":94,"column":66}},"32":{"start":{"line":100,"column":2},"end":{"line":102,"column":null}},"33":{"start":{"line":101,"column":4},"end":{"line":101,"column":83}},"34":{"start":{"line":103,"column":2},"end":{"line":103,"column":48}},"35":{"start":{"line":13,"column":2},"end":{"line":16,"column":null}},"36":{"start":{"line":21,"column":6},"end":{"line":27,"column":null}},"37":{"start":{"line":30,"column":8},"end":{"line":32,"column":null}},"38":{"start":{"line":35,"column":8},"end":{"line":37,"column":null}},"39":{"start":{"line":39,"column":2},"end":{"line":72,"column":null}},"40":{"start":{"line":75,"column":8},"end":{"line":81,"column":null}},"41":{"start":{"line":84,"column":8},"end":{"line":86,"column":null}},"42":{"start":{"line":88,"column":2},"end":{"line":95,"column":null}},"43":{"start":{"line":99,"column":6},"end":{"line":104,"column":null}},"44":{"start":{"line":10,"column":13},"end":{"line":105,"column":null}},"45":{"start":{"line":10,"column":13},"end":{"line":10,"column":29}}},"fnMap":{"0":{"name":"(anonymous_17)","decl":{"start":{"line":11,"column":2},"end":{"line":11,"column":31}},"loc":{"start":{"line":11,"column":59},"end":{"line":11,"column":63}}},"1":{"name":"(anonymous_18)","decl":{"start":{"line":14,"column":2},"end":{"line":14,"column":15}},"loc":{"start":{"line":14,"column":15},"end":{"line":16,"column":3}}},"2":{"name":"(anonymous_19)","decl":{"start":{"line":21,"column":6},"end":{"line":21,"column":25}},"loc":{"start":{"line":24,"column":36},"end":{"line":27,"column":null}}},"3":{"name":"(anonymous_21)","decl":{"start":{"line":30,"column":8},"end":{"line":30,"column":22}},"loc":{"start":{"line":30,"column":58},"end":{"line":32,"column":null}}},"4":{"name":"(anonymous_23)","decl":{"start":{"line":35,"column":8},"end":{"line":35,"column":22}},"loc":{"start":{"line":35,"column":92},"end":{"line":37,"column":null}}},"5":{"name":"(anonymous_25)","decl":{"start":{"line":40,"column":2},"end":{"line":40,"column":13}},"loc":{"start":{"line":40,"column":102},"end":{"line":72,"column":3}}},"6":{"name":"(anonymous_26)","decl":{"start":{"line":75,"column":8},"end":{"line":75,"column":19}},"loc":{"start":{"line":78,"column":36},"end":{"line":81,"column":null}}},"7":{"name":"(anonymous_28)","decl":{"start":{"line":84,"column":8},"end":{"line":84,"column":19}},"loc":{"start":{"line":84,"column":86},"end":{"line":86,"column":null}}},"8":{"name":"(anonymous_30)","decl":{"start":{"line":89,"column":2},"end":{"line":89,"column":15}},"loc":{"start":{"line":92,"column":24},"end":{"line":95,"column":3}}},"9":{"name":"(anonymous_31)","decl":{"start":{"line":99,"column":6},"end":{"line":99,"column":12}},"loc":{"start":{"line":99,"column":42},"end":{"line":104,"column":null}}}},"branchMap":{"0":{"loc":{"start":{"line":23,"column":17},"end":{"line":23,"column":33}},"type":"default-arg","locations":[{"start":{"line":23,"column":32},"end":{"line":23,"column":33}}]},"1":{"loc":{"start":{"line":24,"column":18},"end":{"line":24,"column":36}},"type":"default-arg","locations":[{"start":{"line":24,"column":34},"end":{"line":24,"column":36}}]},"2":{"loc":{"start":{"line":42,"column":4},"end":{"line":44,"column":null}},"type":"if","locations":[{"start":{"line":42,"column":4},"end":{"line":44,"column":null}}]},"3":{"loc":{"start":{"line":50,"column":4},"end":{"line":71,"column":null}},"type":"if","locations":[{"start":{"line":50,"column":4},"end":{"line":71,"column":null}},{"start":{"line":64,"column":11},"end":{"line":71,"column":null}}]},"4":{"loc":{"start":{"line":53,"column":18},"end":{"line":53,"column":66}},"type":"cond-expr","locations":[{"start":{"line":53,"column":29},"end":{"line":53,"column":51}},{"start":{"line":53,"column":54},"end":{"line":53,"column":66}}]},"5":{"loc":{"start":{"line":100,"column":2},"end":{"line":102,"column":null}},"type":"if","locations":[{"start":{"line":100,"column":2},"end":{"line":102,"column":null}}]}},"s":{"0":6,"1":6,"2":6,"3":6,"4":6,"5":6,"6":13,"7":2,"8":2,"9":2,"10":1,"11":0,"12":0,"13":0,"14":0,"15":0,"16":0,"17":0,"18":0,"19":0,"20":0,"21":0,"22":0,"23":0,"24":0,"25":0,"26":0,"27":0,"28":0,"29":2,"30":2,"31":0,"32":2,"33":0,"34":2,"35":6,"36":6,"37":6,"38":6,"39":6,"40":6,"41":6,"42":6,"43":6,"44":6,"45":6},"f":{"0":13,"1":2,"2":2,"3":2,"4":1,"5":0,"6":2,"7":2,"8":0,"9":2},"b":{"0":[1],"1":[1],"2":[0],"3":[0,0],"4":[0,0],"5":[0]}}
,"/Users/johanque/Documents/Projects/yoga/definitive_project/mamaz_yoga_back/api/src/videos/videos.module.ts": {"path":"/Users/johanque/Documents/Projects/yoga/definitive_project/mamaz_yoga_back/api/src/videos/videos.module.ts","statementMap":{"0":{"start":{"line":1,"column":0},"end":{"line":1,"column":40}},"1":{"start":{"line":2,"column":0},"end":{"line":2,"column":55}},"2":{"start":{"line":3,"column":0},"end":{"line":3,"column":49}},"3":{"start":{"line":9,"column":7},"end":{"line":9,"column":null}},"4":{"start":{"line":9,"column":13},"end":{"line":9,"column":null}},"5":{"start":{"line":9,"column":13},"end":{"line":9,"column":25}}},"fnMap":{},"branchMap":{},"s":{"0":5,"1":5,"2":5,"3":5,"4":5,"5":5},"f":{},"b":{}}
,"/Users/johanque/Documents/Projects/yoga/definitive_project/mamaz_yoga_back/api/src/videos/videos.service.ts": {"path":"/Users/johanque/Documents/Projects/yoga/definitive_project/mamaz_yoga_back/api/src/videos/videos.service.ts","statementMap":{"0":{"start":{"line":1,"column":0},"end":{"line":1,"column":71}},"1":{"start":{"line":3,"column":0},"end":{"line":3,"column":25}},"2":{"start":{"line":4,"column":0},"end":{"line":4,"column":29}},"3":{"start":{"line":5,"column":0},"end":{"line":5,"column":30}},"4":{"start":{"line":6,"column":0},"end":{"line":6,"column":43}},"5":{"start":{"line":9,"column":20},"end":{"line":9,"column":44}},"6":{"start":{"line":10,"column":29},"end":{"line":10,"column":53}},"7":{"start":{"line":11,"column":4},"end":{"line":11,"column":79}},"8":{"start":{"line":15,"column":7},"end":{"line":202,"column":null}},"9":{"start":{"line":17,"column":19},"end":{"line":17,"column":78}},"10":{"start":{"line":20,"column":4},"end":{"line":27,"column":null}},"11":{"start":{"line":21,"column":19},"end":{"line":21,"column":73}},"12":{"start":{"line":22,"column":23},"end":{"line":22,"column":67}},"13":{"start":{"line":23,"column":6},"end":{"line":23,"column":22}},"14":{"start":{"line":25,"column":6},"end":{"line":25,"column":63}},"15":{"start":{"line":26,"column":6},"end":{"line":26,"column":15}},"16":{"start":{"line":35,"column":25},"end":{"line":35,"column":61}},"17":{"start":{"line":36,"column":4},"end":{"line":56,"column":null}},"18":{"start":{"line":37,"column":20},"end":{"line":38,"column":47}},"19":{"start":{"line":38,"column":24},"end":{"line":38,"column":46}},"20":{"start":{"line":40,"column":20},"end":{"line":40,"column":32}},"21":{"start":{"line":41,"column":25},"end":{"line":41,"column":43}},"22":{"start":{"line":42,"column":29},"end":{"line":42,"column":72}},"23":{"start":{"line":44,"column":28},"end":{"line":49,"column":8}},"24":{"start":{"line":44,"column":62},"end":{"line":49,"column":8}},"25":{"start":{"line":45,"column":26},"end":{"line":45,"column":55}},"26":{"start":{"line":46,"column":34},"end":{"line":46,"column":72}},"27":{"start":{"line":47,"column":34},"end":{"line":47,"column":67}},"28":{"start":{"line":48,"column":8},"end":{"line":48,"column":59}},"29":{"start":{"line":51,"column":21},"end":{"line":51,"column":53}},"30":{"start":{"line":52,"column":6},"end":{"line":52,"column":31}},"31":{"start":{"line":54,"column":6},"end":{"line":54,"column":64}},"32":{"start":{"line":55,"column":6},"end":{"line":55,"column":38}},"33":{"start":{"line":60,"column":4},"end":{"line":60,"column":27}},"34":{"start":{"line":64,"column":4},"end":{"line":76,"column":null}},"35":{"start":{"line":65,"column":26},"end":{"line":70,"column":10}},"36":{"start":{"line":66,"column":26},"end":{"line":66,"column":46}},"37":{"start":{"line":67,"column":30},"end":{"line":70,"column":10}},"38":{"start":{"line":68,"column":29},"end":{"line":68,"column":72}},"39":{"start":{"line":69,"column":8},"end":{"line":69,"column":null}},"40":{"start":{"line":72,"column":6},"end":{"line":72,"column":38}},"41":{"start":{"line":74,"column":6},"end":{"line":74,"column":61}},"42":{"start":{"line":75,"column":6},"end":{"line":75,"column":16}},"43":{"start":{"line":80,"column":25},"end":{"line":80,"column":61}},"44":{"start":{"line":81,"column":28},"end":{"line":81,"column":63}},"45":{"start":{"line":82,"column":4},"end":{"line":87,"column":null}},"46":{"start":{"line":83,"column":6},"end":{"line":83,"column":51}},"47":{"start":{"line":84,"column":6},"end":{"line":84,"column":null}},"48":{"start":{"line":86,"column":6},"end":{"line":86,"column":74}},"49":{"start":{"line":90,"column":29},"end":{"line":90,"column":65}},"50":{"start":{"line":91,"column":8},"end":{"line":96,"column":null}},"51":{"start":{"line":92,"column":10},"end":{"line":92,"column":58}},"52":{"start":{"line":93,"column":10},"end":{"line":93,"column":null}},"53":{"start":{"line":95,"column":10},"end":{"line":95,"column":78}},"54":{"start":{"line":123,"column":26},"end":{"line":123,"column":69}},"55":{"start":{"line":124,"column":30},"end":{"line":124,"column":49}},"56":{"start":{"line":125,"column":29},"end":{"line":125,"column":95}},"57":{"start":{"line":127,"column":8},"end":{"line":132,"column":null}},"58":{"start":{"line":128,"column":10},"end":{"line":128,"column":49}},"59":{"start":{"line":129,"column":10},"end":{"line":129,"column":118}},"60":{"start":{"line":131,"column":10},"end":{"line":131,"column":75}},"61":{"start":{"line":136,"column":26},"end":{"line":136,"column":69}},"62":{"start":{"line":137,"column":8},"end":{"line":142,"column":null}},"63":{"start":{"line":138,"column":10},"end":{"line":138,"column":35}},"64":{"start":{"line":139,"column":10},"end":{"line":139,"column":null}},"65":{"start":{"line":141,"column":10},"end":{"line":141,"column":75}},"66":{"start":{"line":147,"column":32},"end":{"line":147,"column":56}},"67":{"start":{"line":148,"column":8},"end":{"line":148,"column":74}},"68":{"start":{"line":152,"column":22},"end":{"line":152,"column":65}},"69":{"start":{"line":154,"column":4},"end":{"line":162,"column":null}},"70":{"start":{"line":155,"column":6},"end":{"line":159,"column":9}},"71":{"start":{"line":156,"column":8},"end":{"line":158,"column":null}},"72":{"start":{"line":157,"column":10},"end":{"line":157,"column":99}},"73":{"start":{"line":161,"column":6},"end":{"line":161,"column":71}},"74":{"start":{"line":165,"column":23},"end":{"line":167,"column":33}},"75":{"start":{"line":166,"column":24},"end":{"line":166,"column":44}},"76":{"start":{"line":167,"column":21},"end":{"line":167,"column":32}},"77":{"start":{"line":169,"column":61},"end":{"line":169,"column":63}},"78":{"start":{"line":171,"column":4},"end":{"line":177,"column":null}},"79":{"start":{"line":172,"column":27},"end":{"line":172,"column":63}},"80":{"start":{"line":173,"column":20},"end":{"line":174,"column":109}},"81":{"start":{"line":174,"column":24},"end":{"line":174,"column":108}},"82":{"start":{"line":176,"column":6},"end":{"line":176,"column":83}},"83":{"start":{"line":176,"column":50},"end":{"line":176,"column":79}},"84":{"start":{"line":179,"column":4},"end":{"line":179,"column":19}},"85":{"start":{"line":15,"column":13},"end":{"line":202,"column":null}},"86":{"start":{"line":15,"column":13},"end":{"line":15,"column":26}}},"fnMap":{"0":{"name":"formatDuration","decl":{"start":{"line":8,"column":9},"end":{"line":8,"column":23}},"loc":{"start":{"line":8,"column":39},"end":{"line":12,"column":3}}},"1":{"name":"(anonymous_16)","decl":{"start":{"line":15,"column":7},"end":{"line":15,"column":13}},"loc":{"start":{"line":15,"column":7},"end":{"line":202,"column":1}}},"2":{"name":"(anonymous_17)","decl":{"start":{"line":19,"column":7},"end":{"line":19,"column":23}},"loc":{"start":{"line":19,"column":41},"end":{"line":28,"column":null}}},"3":{"name":"(anonymous_19)","decl":{"start":{"line":30,"column":8},"end":{"line":30,"column":27}},"loc":{"start":{"line":33,"column":22},"end":{"line":57,"column":null}}},"4":{"name":"(anonymous_21)","decl":{"start":{"line":38,"column":16},"end":{"line":38,"column":20}},"loc":{"start":{"line":38,"column":24},"end":{"line":38,"column":46}}},"5":{"name":"(anonymous_22)","decl":{"start":{"line":44,"column":47},"end":{"line":44,"column":54}},"loc":{"start":{"line":44,"column":62},"end":{"line":49,"column":8}}},"6":{"name":"(anonymous_23)","decl":{"start":{"line":44,"column":62},"end":{"line":44,"column":null}},"loc":{"start":{"line":44,"column":62},"end":{"line":49,"column":7}}},"7":{"name":"(anonymous_24)","decl":{"start":{"line":59,"column":2},"end":{"line":59,"column":15}},"loc":{"start":{"line":59,"column":15},"end":{"line":61,"column":3}}},"8":{"name":"(anonymous_25)","decl":{"start":{"line":63,"column":8},"end":{"line":63,"column":21}},"loc":{"start":{"line":63,"column":21},"end":{"line":77,"column":null}}},"9":{"name":"(anonymous_27)","decl":{"start":{"line":66,"column":16},"end":{"line":66,"column":22}},"loc":{"start":{"line":66,"column":26},"end":{"line":66,"column":46}}},"10":{"name":"(anonymous_28)","decl":{"start":{"line":67,"column":13},"end":{"line":67,"column":20}},"loc":{"start":{"line":67,"column":30},"end":{"line":70,"column":10}}},"11":{"name":"(anonymous_29)","decl":{"start":{"line":67,"column":30},"end":{"line":67,"column":null}},"loc":{"start":{"line":67,"column":30},"end":{"line":70,"column":9}}},"12":{"name":"(anonymous_30)","decl":{"start":{"line":79,"column":8},"end":{"line":79,"column":22}},"loc":{"start":{"line":79,"column":56},"end":{"line":88,"column":null}}},"13":{"name":"(anonymous_32)","decl":{"start":{"line":89,"column":10},"end":{"line":89,"column":24}},"loc":{"start":{"line":89,"column":41},"end":{"line":97,"column":null}}},"14":{"name":"(anonymous_34)","decl":{"start":{"line":122,"column":10},"end":{"line":122,"column":21}},"loc":{"start":{"line":122,"column":70},"end":{"line":133,"column":null}}},"15":{"name":"(anonymous_36)","decl":{"start":{"line":135,"column":12},"end":{"line":135,"column":23}},"loc":{"start":{"line":135,"column":55},"end":{"line":143,"column":null}}},"16":{"name":"(anonymous_38)","decl":{"start":{"line":146,"column":14},"end":{"line":146,"column":25}},"loc":{"start":{"line":146,"column":38},"end":{"line":149,"column":7}}},"17":{"name":"(anonymous_39)","decl":{"start":{"line":151,"column":14},"end":{"line":151,"column":27}},"loc":{"start":{"line":151,"column":74},"end":{"line":163,"column":null}}},"18":{"name":"(anonymous_41)","decl":{"start":{"line":155,"column":37},"end":{"line":155,"column":38}},"loc":{"start":{"line":155,"column":45},"end":{"line":159,"column":7}}},"19":{"name":"(anonymous_42)","decl":{"start":{"line":164,"column":8},"end":{"line":164,"column":20}},"loc":{"start":{"line":164,"column":34},"end":{"line":180,"column":null}}},"20":{"name":"(anonymous_44)","decl":{"start":{"line":166,"column":14},"end":{"line":166,"column":20}},"loc":{"start":{"line":166,"column":24},"end":{"line":166,"column":44}}},"21":{"name":"(anonymous_45)","decl":{"start":{"line":167,"column":11},"end":{"line":167,"column":17}},"loc":{"start":{"line":167,"column":21},"end":{"line":167,"column":32}}},"22":{"name":"(anonymous_46)","decl":{"start":{"line":174,"column":16},"end":{"line":174,"column":20}},"loc":{"start":{"line":174,"column":24},"end":{"line":174,"column":108}}},"23":{"name":"(anonymous_47)","decl":{"start":{"line":176,"column":41},"end":{"line":176,"column":45}},"loc":{"start":{"line":176,"column":50},"end":{"line":176,"column":79}}}},"branchMap":{"0":{"loc":{"start":{"line":11,"column":25},"end":{"line":11,"column":57}},"type":"cond-expr","locations":[{"start":{"line":11,"column":49},"end":{"line":11,"column":52}},{"start":{"line":11,"column":55},"end":{"line":11,"column":57}}]},"1":{"loc":{"start":{"line":22,"column":34},"end":{"line":22,"column":66}},"type":"cond-expr","locations":[{"start":{"line":22,"column":59},"end":{"line":22,"column":63}},{"start":{"line":22,"column":63},"end":{"line":22,"column":66}}]},"2":{"loc":{"start":{"line":22,"column":34},"end":{"line":22,"column":63}},"type":"binary-expr","locations":[{"start":{"line":22,"column":34},"end":{"line":22,"column":63}},{"start":{"line":22,"column":59},"end":{"line":22,"column":63}}]},"3":{"loc":{"start":{"line":22,"column":34},"end":{"line":22,"column":59}},"type":"cond-expr","locations":[{"start":{"line":22,"column":49},"end":{"line":22,"column":51}},{"start":{"line":22,"column":49},"end":{"line":22,"column":59}}]},"4":{"loc":{"start":{"line":22,"column":34},"end":{"line":22,"column":51}},"type":"binary-expr","locations":[{"start":{"line":22,"column":34},"end":{"line":22,"column":51}},{"start":{"line":22,"column":49},"end":{"line":22,"column":51}}]},"5":{"loc":{"start":{"line":32,"column":4},"end":{"line":32,"column":20}},"type":"default-arg","locations":[{"start":{"line":32,"column":19},"end":{"line":32,"column":20}}]},"6":{"loc":{"start":{"line":33,"column":4},"end":{"line":33,"column":22}},"type":"default-arg","locations":[{"start":{"line":33,"column":20},"end":{"line":33,"column":22}}]},"7":{"loc":{"start":{"line":82,"column":4},"end":{"line":87,"column":null}},"type":"if","locations":[{"start":{"line":82,"column":4},"end":{"line":87,"column":null}},{"start":{"line":85,"column":11},"end":{"line":87,"column":null}}]},"8":{"loc":{"start":{"line":91,"column":8},"end":{"line":96,"column":null}},"type":"if","locations":[{"start":{"line":91,"column":8},"end":{"line":96,"column":null}},{"start":{"line":94,"column":15},"end":{"line":96,"column":null}}]},"9":{"loc":{"start":{"line":127,"column":8},"end":{"line":132,"column":null}},"type":"if","locations":[{"start":{"line":127,"column":8},"end":{"line":132,"column":null}},{"start":{"line":130,"column":15},"end":{"line":132,"column":null}}]},"10":{"loc":{"start":{"line":137,"column":8},"end":{"line":142,"column":null}},"type":"if","locations":[{"start":{"line":137,"column":8},"end":{"line":142,"column":null}},{"start":{"line":140,"column":15},"end":{"line":142,"column":null}}]},"11":{"loc":{"start":{"line":154,"column":4},"end":{"line":162,"column":null}},"type":"if","locations":[{"start":{"line":154,"column":4},"end":{"line":162,"column":null}},{"start":{"line":160,"column":11},"end":{"line":162,"column":null}}]},"12":{"loc":{"start":{"line":156,"column":8},"end":{"line":158,"column":null}},"type":"if","locations":[{"start":{"line":156,"column":8},"end":{"line":158,"column":null}}]},"13":{"loc":{"start":{"line":174,"column":24},"end":{"line":174,"column":108}},"type":"binary-expr","locations":[{"start":{"line":174,"column":24},"end":{"line":174,"column":51}},{"start":{"line":174,"column":55},"end":{"line":174,"column":108}}]}},"s":{"0":7,"1":7,"2":7,"3":7,"4":7,"5":0,"6":0,"7":0,"8":7,"9":16,"10":0,"11":0,"12":0,"13":0,"14":0,"15":0,"16":0,"17":0,"18":0,"19":0,"20":0,"21":0,"22":0,"23":0,"24":0,"25":0,"26":0,"27":0,"28":0,"29":0,"30":0,"31":0,"32":0,"33":3,"34":1,"35":1,"36":2,"37":2,"38":2,"39":2,"40":1,"41":0,"42":0,"43":0,"44":0,"45":0,"46":0,"47":0,"48":0,"49":0,"50":0,"51":0,"52":0,"53":0,"54":1,"55":1,"56":1,"57":1,"58":1,"59":1,"60":0,"61":1,"62":1,"63":1,"64":1,"65":0,"66":0,"67":0,"68":0,"69":0,"70":0,"71":0,"72":0,"73":0,"74":1,"75":1,"76":1,"77":1,"78":1,"79":1,"80":1,"81":2,"82":1,"83":2,"84":1,"85":7,"86":7},"f":{"0":0,"1":16,"2":0,"3":0,"4":0,"5":0,"6":0,"7":3,"8":1,"9":2,"10":2,"11":2,"12":0,"13":0,"14":1,"15":1,"16":0,"17":0,"18":0,"19":1,"20":1,"21":1,"22":2,"23":2},"b":{"0":[0,0],"1":[0,0],"2":[0,0],"3":[0,0],"4":[0,0],"5":[0],"6":[0],"7":[0,0],"8":[0,0],"9":[1,0],"10":[1,0],"11":[0,0],"12":[0],"13":[2,2]}}
}
