TN:
SF:src/app.module.ts
FNF:0
FNH:0
DA:1,5
DA:2,5
DA:3,5
DA:4,5
DA:5,5
DA:6,5
DA:7,5
DA:8,5
DA:9,5
DA:10,5
DA:11,5
DA:12,5
DA:31,5
LF:13
LH:13
BRF:0
BRH:0
end_of_record
TN:
SF:src/main.ts
FN:4,bootstrap
FNF:1
FNH:0
FNDA:0,bootstrap
DA:1,0
DA:2,0
DA:3,0
DA:5,0
DA:6,0
DA:7,0
DA:13,0
DA:15,0
LF:8
LH:0
BRF:0
BRH:0
end_of_record
TN:
SF:src/types.d.ts
FNF:0
FNH:0
LF:0
LH:0
BRF:0
BRH:0
end_of_record
TN:
SF:src/auth/auth.controller.ts
FN:12,(anonymous_4)
FN:19,(anonymous_5)
FNF:2
FNH:2
FNDA:7,(anonymous_4)
FNDA:3,(anonymous_5)
DA:1,6
DA:2,6
DA:3,6
DA:8,6
DA:11,6
DA:12,7
DA:15,6
DA:20,3
DA:21,3
DA:22,1
DA:24,3
DA:32,3
DA:33,3
LF:13
LH:13
BRDA:21,0,0,1
BRDA:32,1,0,1
BRDA:36,2,0,1
BRDA:36,2,1,2
BRDA:36,3,0,3
BRDA:36,3,1,1
BRF:6
BRH:6
end_of_record
TN:
SF:src/auth/auth.module.ts
FNF:0
FNH:0
DA:1,5
DA:2,5
DA:3,5
DA:4,5
DA:5,5
DA:6,5
DA:7,5
DA:8,5
DA:9,5
DA:11,5
DA:33,5
LF:11
LH:11
BRF:0
BRH:0
end_of_record
TN:
SF:src/auth/auth.service.ts
FN:12,(anonymous_9)
FN:18,(anonymous_10)
FN:83,(anonymous_12)
FNF:3
FNH:3
FNDA:8,(anonymous_9)
FNDA:4,(anonymous_10)
FNDA:1,(anonymous_12)
DA:2,7
DA:3,7
DA:4,7
DA:8,7
DA:11,7
DA:13,8
DA:14,8
DA:23,4
DA:25,4
DA:26,2
DA:32,2
DA:34,2
DA:36,2
DA:38,2
DA:39,0
DA:46,2
DA:51,2
DA:84,1
DA:85,1
LF:19
LH:18
BRDA:25,0,0,2
BRDA:34,1,0,2
BRDA:34,1,1,0
BRDA:34,2,0,2
BRDA:34,2,1,2
BRDA:34,3,0,0
BRDA:34,3,1,2
BRDA:34,4,0,2
BRDA:34,4,1,2
BRDA:38,5,0,0
BRF:10
BRH:7
end_of_record
TN:
SF:src/auth/dto/auth.dto.ts
FNF:0
FNH:0
DA:1,0
LF:1
LH:0
BRF:0
BRH:0
end_of_record
TN:
SF:src/auth/dto/authentificated_user.dto.ts
FNF:0
FNH:0
DA:1,6
DA:3,6
DA:12,6
DA:13,6
DA:17,6
DA:20,6
LF:6
LH:6
BRF:0
BRH:0
end_of_record
TN:
SF:src/auth/dto/user_login.dto.ts
FNF:0
FNH:0
DA:1,0
LF:1
LH:0
BRF:0
BRH:0
end_of_record
TN:
SF:src/auth/dto/user_with_premium.dto.ts
FNF:0
FNH:0
DA:1,0
DA:3,0
LF:2
LH:0
BRF:0
BRH:0
end_of_record
TN:
SF:src/auth/guards/jwt.guards.ts
FN:11,(anonymous_1)
FN:17,(anonymous_2)
FNF:2
FNH:0
FNDA:0,(anonymous_1)
FNDA:0,(anonymous_2)
DA:1,9
DA:6,9
DA:10,9
DA:14,0
DA:18,0
DA:19,0
DA:22,0
DA:24,0
DA:25,0
DA:29,0
DA:30,0
DA:33,0
LF:12
LH:3
BRDA:18,0,0,0
BRDA:18,1,0,0
BRDA:18,1,1,0
BRDA:19,2,0,0
BRDA:19,2,1,0
BRDA:24,3,0,0
BRDA:29,4,0,0
BRF:7
BRH:0
end_of_record
TN:
SF:src/auth/guards/local.guards.ts
FN:7,(anonymous_1)
FNF:1
FNH:1
FNDA:2,(anonymous_1)
DA:1,6
DA:2,6
DA:6,6
DA:10,2
LF:4
LH:4
BRF:0
BRH:0
end_of_record
TN:
SF:src/auth/strategies/jwt.strategy.ts
FN:8,(anonymous_2)
FN:16,(anonymous_3)
FNF:2
FNH:1
FNDA:5,(anonymous_2)
FNDA:0,(anonymous_3)
DA:1,5
DA:2,5
DA:3,5
DA:7,5
DA:9,5
DA:17,0
LF:6
LH:5
BRF:0
BRH:0
end_of_record
TN:
SF:src/auth/strategies/local.strategy.ts
FN:8,(anonymous_2)
FN:12,(anonymous_3)
FNF:2
FNH:2
FNDA:5,(anonymous_2)
FNDA:2,(anonymous_3)
DA:1,5
DA:2,5
DA:3,5
DA:4,5
DA:7,5
DA:8,5
DA:9,5
DA:13,2
DA:14,2
DA:15,2
LF:10
LH:10
BRDA:14,0,0,0
BRF:1
BRH:0
end_of_record
TN:
SF:src/auth/utils/hash_verify_password.ts
FN:12,hashPassword
FN:23,verifyPassword
FNF:2
FNH:2
FNDA:4,hashPassword
FNDA:2,verifyPassword
DA:1,7
DA:2,7
DA:7,7
DA:8,7
DA:9,7
DA:13,4
DA:14,4
DA:15,4
DA:16,4
DA:17,4
DA:19,0
DA:24,2
DA:25,2
DA:26,2
DA:29,7
LF:15
LH:14
BRF:0
BRH:0
end_of_record
TN:
SF:src/auth/utils/login_user.ts
FN:5,loginUser
FNF:1
FNH:1
FNDA:2,loginUser
DA:1,7
DA:2,7
DA:6,2
DA:7,2
DA:8,0
DA:10,2
DA:13,7
LF:7
LH:6
BRDA:7,0,0,0
BRF:1
BRH:0
end_of_record
TN:
SF:src/auth/utils/password_hasher.ts
FN:22,(anonymous_1)
FN:58,(anonymous_2)
FN:59,(anonymous_3)
FN:64,(anonymous_4)
FN:72,(anonymous_5)
FN:119,(anonymous_6)
FN:139,(anonymous_7)
FN:181,(anonymous_8)
FN:205,(anonymous_9)
FN:282,(anonymous_10)
FN:312,(anonymous_11)
FN:313,(anonymous_12)
FN:316,(anonymous_13)
FN:317,(anonymous_14)
FN:328,(anonymous_15)
FN:330,(anonymous_16)
FN:336,(anonymous_17)
FN:352,(anonymous_18)
FN:353,(anonymous_19)
FN:357,(anonymous_20)
FN:368,(anonymous_21)
FN:370,(anonymous_22)
FN:374,(anonymous_23)
FN:386,(anonymous_24)
FN:388,(anonymous_25)
FN:406,(anonymous_26)
FN:413,(anonymous_27)
FN:417,(anonymous_28)
FN:431,(anonymous_29)
FN:450,(anonymous_30)
FNF:30
FNH:12
FNDA:11,(anonymous_1)
FNDA:4,(anonymous_2)
FNDA:4,(anonymous_3)
FNDA:4,(anonymous_4)
FNDA:10,(anonymous_5)
FNDA:4,(anonymous_6)
FNDA:6,(anonymous_7)
FNDA:0,(anonymous_8)
FNDA:0,(anonymous_9)
FNDA:4,(anonymous_10)
FNDA:0,(anonymous_11)
FNDA:0,(anonymous_12)
FNDA:0,(anonymous_13)
FNDA:0,(anonymous_14)
FNDA:0,(anonymous_15)
FNDA:0,(anonymous_16)
FNDA:0,(anonymous_17)
FNDA:0,(anonymous_18)
FNDA:0,(anonymous_19)
FNDA:0,(anonymous_20)
FNDA:0,(anonymous_21)
FNDA:0,(anonymous_22)
FNDA:0,(anonymous_23)
FNDA:0,(anonymous_24)
FNDA:0,(anonymous_25)
FNDA:4,(anonymous_26)
FNDA:4,(anonymous_27)
FNDA:4,(anonymous_28)
FNDA:0,(anonymous_29)
FNDA:2,(anonymous_30)
DA:1,7
DA:2,7
DA:3,7
DA:4,7
DA:6,7
DA:7,7
DA:8,7
DA:9,7
DA:11,7
DA:12,7
DA:15,7
DA:27,11
DA:29,11
DA:32,11
DA:33,0
DA:35,11
DA:37,11
DA:39,11
DA:41,11
DA:43,11
DA:59,4
DA:60,4
DA:62,4
DA:64,4
DA:65,4
DA:69,4
DA:73,10
DA:75,10
DA:80,10
DA:81,44
DA:83,44
DA:85,44
DA:87,44
DA:88,38
DA:91,44
DA:93,44
DA:95,44
DA:96,6
DA:99,38
DA:100,38
DA:103,38
DA:105,38
DA:107,38
DA:108,0
DA:111,38
DA:113,38
DA:116,10
DA:120,4
DA:124,4
DA:126,4
DA:128,4
DA:130,4
DA:132,4
DA:134,4
DA:136,4
DA:140,6
DA:142,6
DA:144,6
DA:148,6
DA:150,6
DA:152,6
DA:154,6
DA:156,6
DA:158,6
DA:159,0
DA:162,6
DA:167,6
DA:168,49152
DA:174,6
DA:176,6
DA:178,6
DA:182,0
DA:188,0
DA:190,0
DA:192,0
DA:194,0
DA:196,0
DA:198,0
DA:200,0
DA:202,0
DA:223,0
DA:225,0
DA:227,0
DA:229,0
DA:231,0
DA:233,0
DA:235,0
DA:236,0
DA:238,0
DA:240,0
DA:242,0
DA:243,0
DA:245,0
DA:248,0
DA:250,0
DA:252,0
DA:254,0
DA:256,0
DA:258,0
DA:260,0
DA:262,0
DA:265,0
DA:283,4
DA:285,4
DA:286,0
DA:289,4
DA:291,4
DA:292,0
DA:293,4
DA:294,0
DA:296,4
DA:313,0
DA:314,0
DA:317,0
DA:318,0
DA:319,0
DA:321,0
DA:322,0
DA:326,0
DA:328,0
DA:330,0
DA:336,0
DA:353,0
DA:354,0
DA:355,0
DA:358,0
DA:363,0
DA:364,0
DA:366,0
DA:368,0
DA:370,0
DA:374,0
DA:376,0
DA:381,0
DA:382,0
DA:384,0
DA:386,0
DA:388,0
DA:413,4
DA:414,4
DA:415,4
DA:418,4
DA:424,4
DA:425,4
DA:427,0
DA:431,0
DA:433,0
DA:435,0
DA:436,0
DA:444,0
DA:451,2
DA:452,0
DA:455,2
DA:457,2
DA:458,0
DA:460,2
LF:156
LH:84
BRDA:27,0,0,11
BRDA:27,0,1,5
BRDA:32,1,0,0
BRDA:32,2,0,11
BRDA:32,2,1,11
BRDA:87,3,0,38
BRDA:95,4,0,6
BRDA:99,5,0,38
BRDA:107,6,0,0
BRDA:124,7,0,4
BRDA:124,7,1,0
BRDA:142,8,0,0
BRDA:148,9,0,0
BRDA:148,10,0,6
BRDA:148,10,1,0
BRDA:152,11,0,0
BRDA:152,12,0,6
BRDA:152,12,1,6
BRDA:158,13,0,0
BRDA:242,14,0,0
BRDA:283,15,0,4
BRDA:283,15,1,4
BRDA:285,16,0,0
BRDA:291,17,0,0
BRDA:291,17,1,4
BRDA:291,18,0,4
BRDA:291,18,1,0
BRDA:293,19,0,0
BRDA:293,19,1,4
BRDA:293,20,0,4
BRDA:293,20,1,0
BRDA:318,21,0,0
BRDA:318,21,1,0
BRDA:321,22,0,0
BRDA:321,22,1,0
BRDA:354,23,0,0
BRDA:354,23,1,0
BRDA:363,24,0,0
BRDA:363,24,1,0
BRDA:381,25,0,0
BRDA:381,25,1,0
BRDA:414,26,0,4
BRDA:414,26,1,0
BRDA:424,27,0,4
BRDA:424,27,1,0
BRDA:435,28,0,0
BRDA:435,28,1,0
BRDA:451,29,0,0
BRDA:457,30,0,0
BRF:49
BRH:19
end_of_record
TN:
SF:src/database/database.module.ts
FN:19,(anonymous_1)
FNF:1
FNH:1
FNDA:5,(anonymous_1)
DA:1,5
DA:2,5
DA:3,5
DA:4,5
DA:5,5
DA:6,5
DA:7,5
DA:8,5
DA:9,5
DA:20,5
DA:21,5
DA:22,5
DA:23,5
DA:24,5
DA:25,5
DA:29,5
DA:51,5
LF:17
LH:17
BRDA:15,0,0,5
BRDA:15,0,1,0
BRF:2
BRH:1
end_of_record
TN:
SF:src/members/members.controller.ts
FN:23,(anonymous_11)
FN:26,(anonymous_12)
FN:31,(anonymous_14)
FN:48,(anonymous_16)
FN:53,(anonymous_18)
FN:64,(anonymous_20)
FNF:6
FNH:6
FNDA:20,(anonymous_11)
FNDA:3,(anonymous_12)
FNDA:6,(anonymous_14)
FNDA:3,(anonymous_16)
FNDA:6,(anonymous_18)
FNDA:4,(anonymous_20)
DA:1,7
DA:14,7
DA:15,7
DA:16,7
DA:17,7
DA:22,7
DA:23,20
DA:26,7
DA:27,3
DA:31,7
DA:34,6
DA:35,6
DA:36,3
DA:37,0
DA:39,3
DA:41,3
DA:42,3
DA:48,7
DA:49,3
DA:53,7
DA:57,6
DA:58,4
DA:59,1
DA:64,7
DA:65,4
DA:66,3
LF:26
LH:25
BRDA:36,0,0,0
BRDA:41,1,0,3
BRDA:58,2,0,1
BRF:3
BRH:2
end_of_record
TN:
SF:src/members/members.module.ts
FNF:0
FNH:0
DA:1,5
DA:2,5
DA:3,5
DA:4,5
DA:5,5
DA:12,5
LF:6
LH:6
BRF:0
BRH:0
end_of_record
TN:
SF:src/members/members.service.ts
FN:21,(anonymous_11)
FN:28,(anonymous_12)
FN:33,(anonymous_14)
FN:45,(anonymous_16)
FN:74,(anonymous_18)
FN:86,(anonymous_20)
FNF:6
FNH:6
FNDA:14,(anonymous_11)
FNDA:2,(anonymous_12)
FNDA:3,(anonymous_14)
FNDA:4,(anonymous_16)
FNDA:4,(anonymous_18)
FNDA:3,(anonymous_20)
DA:1,8
DA:8,8
DA:9,8
DA:14,8
DA:20,8
DA:23,14
DA:24,14
DA:29,2
DA:30,2
DA:34,3
DA:35,3
DA:36,2
DA:41,1
DA:48,4
DA:49,4
DA:53,4
DA:54,2
DA:57,2
DA:58,2
DA:64,2
DA:65,2
DA:67,0
DA:75,4
DA:79,4
DA:80,2
DA:82,2
DA:86,8
DA:87,3
DA:88,3
DA:89,1
DA:91,2
LF:31
LH:30
BRDA:35,0,0,2
BRDA:35,0,1,1
BRDA:53,1,0,2
BRDA:57,2,0,2
BRDA:64,3,0,2
BRDA:79,4,0,2
BRDA:88,5,0,1
BRF:7
BRH:7
end_of_record
TN:
SF:src/members/dto/create-member.dto.ts
FNF:0
FNH:0
DA:1,7
DA:9,7
DA:10,7
DA:14,7
DA:18,7
DA:22,7
DA:26,7
DA:30,7
DA:34,7
DA:38,7
DA:42,7
DA:46,7
DA:50,7
DA:54,7
LF:14
LH:14
BRF:0
BRH:0
end_of_record
TN:
SF:src/members/dto/update-member.dto.ts
FNF:0
FNH:0
DA:1,7
DA:2,7
DA:3,7
DA:5,7
DA:6,7
DA:10,7
LF:6
LH:6
BRF:0
BRH:0
end_of_record
TN:
SF:src/members/dto/tests/members.integration.ts
FN:10,(anonymous_8)
FN:14,(anonymous_9)
FN:14,(anonymous_10)
FN:25,(anonymous_11)
FN:25,(anonymous_12)
FN:29,(anonymous_13)
FN:29,(anonymous_14)
FN:33,(anonymous_15)
FN:33,(anonymous_16)
FN:59,(anonymous_17)
FN:59,(anonymous_18)
FN:86,(anonymous_19)
FN:86,(anonymous_20)
FN:111,(anonymous_21)
FN:111,(anonymous_22)
FN:142,(anonymous_23)
FN:142,(anonymous_24)
FNF:17
FNH:0
FNDA:0,(anonymous_8)
FNDA:0,(anonymous_9)
FNDA:0,(anonymous_10)
FNDA:0,(anonymous_11)
FNDA:0,(anonymous_12)
FNDA:0,(anonymous_13)
FNDA:0,(anonymous_14)
FNDA:0,(anonymous_15)
FNDA:0,(anonymous_16)
FNDA:0,(anonymous_17)
FNDA:0,(anonymous_18)
FNDA:0,(anonymous_19)
FNDA:0,(anonymous_20)
FNDA:0,(anonymous_21)
FNDA:0,(anonymous_22)
FNDA:0,(anonymous_23)
FNDA:0,(anonymous_24)
DA:2,0
DA:3,0
DA:4,0
DA:6,0
DA:7,0
DA:10,0
DA:14,0
DA:15,0
DA:19,0
DA:20,0
DA:22,0
DA:25,0
DA:26,0
DA:29,0
DA:30,0
DA:33,0
DA:34,0
DA:49,0
DA:54,0
DA:55,0
DA:56,0
DA:59,0
DA:60,0
DA:75,0
DA:77,0
DA:81,0
DA:82,0
DA:83,0
DA:86,0
DA:87,0
DA:102,0
DA:104,0
DA:108,0
DA:111,0
DA:112,0
DA:127,0
DA:129,0
DA:133,0
DA:138,0
DA:139,0
DA:142,0
DA:143,0
DA:158,0
DA:160,0
DA:164,0
DA:165,0
LF:46
LH:0
BRDA:56,0,0,0
BRDA:56,0,1,0
BRDA:56,1,0,0
BRDA:56,1,1,0
BRDA:139,2,0,0
BRDA:139,2,1,0
BRDA:139,3,0,0
BRDA:139,3,1,0
BRF:8
BRH:0
end_of_record
TN:
SF:src/members/entities/member.entity.ts
FN:45,(anonymous_2)
FN:29,(anonymous_3)
FNF:2
FNH:1
FNDA:61,(anonymous_2)
FNDA:0,(anonymous_3)
DA:1,8
DA:4,8
DA:5,8
DA:8,8
DA:11,8
DA:14,8
DA:17,8
DA:20,8
DA:23,8
DA:26,8
DA:29,0
DA:33,8
DA:36,8
DA:39,8
DA:42,8
DA:46,61
LF:16
LH:15
BRF:0
BRH:0
end_of_record
TN:
SF:src/posts/posts.controller.ts
FN:23,(anonymous_11)
FN:30,(anonymous_12)
FN:36,(anonymous_14)
FN:42,(anonymous_15)
FN:52,(anonymous_17)
FN:67,(anonymous_19)
FN:72,(anonymous_20)
FNF:7
FNH:7
FNDA:13,(anonymous_11)
FNDA:2,(anonymous_12)
FNDA:1,(anonymous_14)
FNDA:2,(anonymous_15)
FNDA:3,(anonymous_17)
FNDA:2,(anonymous_19)
FNDA:2,(anonymous_20)
DA:1,6
DA:15,6
DA:16,6
DA:17,6
DA:22,6
DA:23,13
DA:30,6
DA:31,2
DA:35,6
DA:37,1
DA:42,6
DA:43,2
DA:44,2
DA:45,1
DA:47,1
DA:52,6
DA:53,3
DA:54,3
DA:55,3
DA:56,1
DA:58,2
DA:60,1
DA:61,1
DA:66,6
DA:68,2
DA:72,6
DA:73,2
DA:74,2
LF:28
LH:28
BRDA:44,0,0,1
BRDA:55,1,0,1
BRDA:60,2,0,1
BRF:3
BRH:3
end_of_record
TN:
SF:src/posts/posts.module.ts
FNF:0
FNH:0
DA:1,5
DA:2,5
DA:3,5
DA:4,5
DA:5,5
DA:6,5
DA:7,5
DA:8,5
DA:15,5
LF:9
LH:9
BRF:0
BRH:0
end_of_record
TN:
SF:src/posts/posts.service.ts
FN:16,(anonymous_11)
FN:24,(anonymous_12)
FN:29,(anonymous_14)
FN:33,(anonymous_15)
FN:48,(anonymous_17)
FN:50,(anonymous_18)
FN:78,(anonymous_19)
FN:93,(anonymous_21)
FN:132,(anonymous_22)
FN:140,(anonymous_24)
FNF:10
FNH:10
FNDA:12,(anonymous_11)
FNDA:2,(anonymous_12)
FNDA:1,(anonymous_14)
FNDA:1,(anonymous_15)
FNDA:1,(anonymous_17)
FNDA:1,(anonymous_18)
FNDA:3,(anonymous_19)
FNDA:1,(anonymous_21)
FNDA:2,(anonymous_22)
FNDA:2,(anonymous_24)
DA:1,7
DA:8,7
DA:9,7
DA:10,7
DA:11,7
DA:12,7
DA:15,7
DA:18,12
DA:19,12
DA:20,12
DA:21,12
DA:25,2
DA:26,2
DA:30,1
DA:34,1
DA:35,1
DA:48,1
DA:50,1
DA:53,1
DA:57,1
DA:59,1
DA:69,1
DA:74,0
DA:81,3
DA:82,3
DA:87,3
DA:88,3
DA:90,3
DA:91,1
DA:93,2
DA:94,1
DA:95,1
DA:98,1
DA:105,2
DA:123,1
DA:124,1
DA:126,0
DA:133,2
DA:137,2
DA:141,2
DA:142,2
LF:41
LH:39
BRDA:50,0,0,1
BRDA:50,0,1,0
BRDA:50,1,0,0
BRDA:50,1,1,1
BRDA:50,2,0,1
BRDA:50,2,1,1
BRDA:53,3,0,1
BRDA:53,3,1,0
BRDA:90,4,0,1
BRDA:94,5,0,1
BRDA:123,6,0,1
BRF:11
BRH:8
end_of_record
TN:
SF:src/posts/dto/create-post.dto.ts
FNF:0
FNH:0
DA:1,6
DA:9,6
DA:10,6
DA:14,6
DA:18,6
DA:22,6
DA:25,6
DA:28,6
DA:32,6
DA:35,6
DA:39,6
DA:43,6
DA:47,6
DA:50,6
DA:54,6
DA:57,6
DA:60,6
DA:64,6
DA:67,6
DA:70,6
DA:74,6
DA:78,6
DA:82,6
DA:86,6
DA:89,6
LF:25
LH:25
BRF:0
BRH:0
end_of_record
TN:
SF:src/posts/dto/post_formatted.dto.ts
FNF:0
FNH:0
DA:1,0
LF:1
LH:0
BRF:0
BRH:0
end_of_record
TN:
SF:src/posts/dto/update-post.dto.ts
FNF:0
FNH:0
DA:1,6
DA:2,6
DA:4,6
LF:3
LH:3
BRF:0
BRH:0
end_of_record
TN:
SF:src/posts/entities/post-news.entity.ts
FN:95,(anonymous_2)
FN:25,(anonymous_3)
FN:61,(anonymous_4)
FN:67,(anonymous_5)
FN:92,(anonymous_6)
FN:92,(anonymous_7)
FNF:6
FNH:3
FNDA:13,(anonymous_2)
FNDA:0,(anonymous_3)
FNDA:0,(anonymous_4)
FNDA:0,(anonymous_5)
FNDA:5,(anonymous_6)
FNDA:5,(anonymous_7)
DA:1,10
DA:2,10
DA:11,10
DA:12,10
DA:15,10
DA:19,10
DA:22,10
DA:25,0
DA:29,10
DA:32,10
DA:35,10
DA:38,10
DA:41,10
DA:44,10
DA:47,10
DA:50,10
DA:53,10
DA:56,10
DA:59,10
DA:61,0
DA:65,10
DA:67,0
DA:71,10
DA:74,10
DA:77,10
DA:80,10
DA:83,10
DA:86,10
DA:89,10
DA:92,10
DA:96,13
LF:31
LH:28
BRF:0
BRH:0
end_of_record
TN:
SF:src/posts/utils/extract_elementor_data.ts
FN:10,(anonymous_1)
FNF:1
FNH:0
FNDA:0,(anonymous_1)
DA:1,7
DA:5,7
DA:11,0
DA:13,0
DA:14,0
DA:15,0
DA:18,0
DA:19,0
DA:20,0
DA:21,0
DA:22,0
DA:23,0
DA:24,0
DA:25,0
DA:30,0
DA:31,0
DA:36,0
DA:37,0
DA:38,0
DA:39,0
DA:40,0
DA:41,0
DA:42,0
DA:43,0
DA:45,0
DA:46,0
DA:48,0
DA:50,0
DA:57,0
DA:59,0
DA:60,0
LF:31
LH:2
BRDA:14,0,0,0
BRDA:19,1,0,0
BRDA:21,2,0,0
BRDA:23,3,0,0
BRDA:24,4,0,0
BRDA:24,4,1,0
BRDA:27,5,0,0
BRDA:27,5,1,0
BRDA:27,6,0,0
BRDA:27,6,1,0
BRDA:28,7,0,0
BRDA:28,7,1,0
BRDA:28,8,0,0
BRDA:28,8,1,0
BRDA:30,9,0,0
BRDA:30,9,1,0
BRDA:33,10,0,0
BRDA:33,10,1,0
BRDA:33,11,0,0
BRDA:33,11,1,0
BRDA:34,12,0,0
BRDA:34,12,1,0
BRDA:34,13,0,0
BRDA:34,13,1,0
BRDA:36,14,0,0
BRDA:36,14,1,0
BRDA:38,15,0,0
BRDA:38,15,1,0
BRDA:38,16,0,0
BRDA:38,16,1,0
BRDA:38,17,0,0
BRDA:38,17,1,0
BRDA:40,18,0,0
BRDA:40,18,1,0
BRDA:40,19,0,0
BRDA:40,19,1,0
BRDA:40,20,0,0
BRDA:40,20,1,0
BRDA:42,21,0,0
BRDA:42,22,0,0
BRDA:42,22,1,0
BRDA:42,23,0,0
BRDA:42,23,1,0
BRDA:46,24,0,0
BRDA:48,25,0,0
BRDA:48,25,1,0
BRDA:48,26,0,0
BRDA:48,26,1,0
BRDA:48,27,0,0
BRDA:48,27,1,0
BRDA:48,28,0,0
BRDA:48,28,1,0
BRDA:48,29,0,0
BRDA:48,29,1,0
BRF:54
BRH:0
end_of_record
TN:
SF:src/posts/utils/extract_illustration_image.ts
FN:6,(anonymous_1)
FNF:1
FNH:0
FNDA:0,(anonymous_1)
DA:1,7
DA:4,7
DA:7,0
DA:8,0
DA:10,0
DA:11,0
DA:18,0
DA:21,0
DA:22,0
DA:23,0
DA:24,0
DA:28,0
LF:12
LH:2
BRDA:7,0,0,0
BRDA:11,1,0,0
BRDA:12,2,0,0
BRDA:12,2,1,0
BRDA:12,2,2,0
BRDA:12,2,3,0
BRDA:12,2,4,0
BRDA:21,3,0,0
BRDA:23,4,0,0
BRF:9
BRH:0
end_of_record
TN:
SF:src/posts_meta/posts_meta.controller.ts
FN:19,(anonymous_11)
FN:22,(anonymous_12)
FN:27,(anonymous_13)
FN:32,(anonymous_14)
FN:48,(anonymous_16)
FN:56,(anonymous_17)
FNF:6
FNH:6
FNDA:12,(anonymous_11)
FNDA:1,(anonymous_12)
FNDA:1,(anonymous_13)
FNDA:3,(anonymous_14)
FNDA:1,(anonymous_16)
FNDA:1,(anonymous_17)
DA:1,6
DA:12,6
DA:13,6
DA:14,6
DA:18,6
DA:19,12
DA:21,6
DA:23,1
DA:26,6
DA:28,1
DA:32,6
DA:33,3
DA:34,3
DA:35,2
DA:36,1
DA:38,1
DA:41,2
DA:42,2
DA:47,6
DA:52,1
DA:55,6
DA:57,1
LF:22
LH:22
BRDA:35,0,0,1
BRDA:41,1,0,2
BRF:2
BRH:2
end_of_record
TN:
SF:src/posts_meta/posts_meta.module.ts
FNF:0
FNH:0
DA:1,5
DA:2,5
DA:3,5
DA:4,5
DA:5,5
DA:6,5
DA:13,5
LF:7
LH:7
BRF:0
BRH:0
end_of_record
TN:
SF:src/posts_meta/posts_meta.service.ts
FN:14,(anonymous_11)
FN:21,(anonymous_12)
FN:26,(anonymous_14)
FN:30,(anonymous_16)
FN:49,(anonymous_18)
FN:57,(anonymous_20)
FNF:6
FNH:5
FNDA:18,(anonymous_11)
FNDA:2,(anonymous_12)
FNDA:2,(anonymous_14)
FNDA:5,(anonymous_16)
FNDA:4,(anonymous_18)
FNDA:0,(anonymous_20)
DA:1,8
DA:8,8
DA:9,8
DA:10,8
DA:13,8
DA:16,18
DA:22,2
DA:23,2
DA:27,2
DA:31,5
DA:32,5
DA:35,4
DA:36,2
DA:38,2
DA:40,3
DA:41,2
DA:43,1
DA:50,4
DA:54,4
DA:58,0
LF:20
LH:19
BRDA:35,0,0,2
BRDA:40,1,0,2
BRF:2
BRH:2
end_of_record
TN:
SF:src/posts_meta/dto/create-posts_meta.dto.ts
FNF:0
FNH:0
DA:1,6
DA:3,6
DA:4,6
DA:7,6
DA:10,6
DA:12,6
LF:6
LH:6
BRF:0
BRH:0
end_of_record
TN:
SF:src/posts_meta/dto/update-posts_meta.dto.ts
FNF:0
FNH:0
DA:1,6
DA:2,6
DA:4,6
LF:3
LH:3
BRF:0
BRH:0
end_of_record
TN:
SF:src/posts_meta/entities/posts_meta.entity.ts
FN:31,(anonymous_2)
FN:27,(anonymous_3)
FN:27,(anonymous_4)
FNF:3
FNH:3
FNDA:8,(anonymous_2)
FNDA:5,(anonymous_3)
FNDA:5,(anonymous_4)
DA:1,10
DA:3,10
DA:14,10
DA:15,10
DA:18,10
DA:21,10
DA:24,10
DA:27,10
DA:32,8
LF:9
LH:9
BRF:0
BRH:0
end_of_record
TN:
SF:src/subscription_plans/subscription_plans.controller.ts
FN:17,(anonymous_4)
FN:22,(anonymous_5)
FN:27,(anonymous_6)
FN:32,(anonymous_7)
FN:43,(anonymous_8)
FN:51,(anonymous_9)
FNF:6
FNH:1
FNDA:5,(anonymous_4)
FNDA:0,(anonymous_5)
FNDA:0,(anonymous_6)
FNDA:0,(anonymous_7)
FNDA:0,(anonymous_8)
FNDA:0,(anonymous_9)
DA:1,5
DA:11,5
DA:12,5
DA:13,5
DA:16,5
DA:18,5
DA:21,5
DA:23,0
DA:26,5
DA:28,0
DA:31,5
DA:33,0
DA:34,0
DA:36,0
DA:37,0
DA:42,5
DA:47,0
DA:50,5
DA:52,0
LF:19
LH:11
BRDA:36,0,0,0
BRF:1
BRH:0
end_of_record
TN:
SF:src/subscription_plans/subscription_plans.module.ts
FNF:0
FNH:0
DA:1,5
DA:2,5
DA:3,5
DA:4,5
DA:5,5
DA:13,5
LF:6
LH:6
BRF:0
BRH:0
end_of_record
TN:
SF:src/subscription_plans/subscription_plans.service.ts
FN:17,(anonymous_11)
FN:22,(anonymous_12)
FN:28,(anonymous_14)
FN:34,(anonymous_16)
FN:51,(anonymous_17)
FN:56,(anonymous_19)
FN:64,(anonymous_20)
FN:103,(anonymous_22)
FN:111,(anonymous_24)
FNF:9
FNH:3
FNDA:5,(anonymous_11)
FNDA:0,(anonymous_12)
FNDA:0,(anonymous_14)
FNDA:0,(anonymous_16)
FNDA:2,(anonymous_17)
FNDA:48,(anonymous_19)
FNDA:0,(anonymous_20)
FNDA:0,(anonymous_22)
FNDA:0,(anonymous_24)
DA:1,9
DA:8,9
DA:9,9
DA:10,9
DA:11,9
DA:14,9
DA:15,5
DA:19,5
DA:25,0
DA:29,0
DA:30,0
DA:31,0
DA:32,0
DA:34,0
DA:35,0
DA:41,0
DA:45,0
DA:47,0
DA:52,2
DA:53,2
DA:54,2
DA:56,2
DA:57,48
DA:61,2
DA:66,0
DA:70,0
DA:71,0
DA:76,0
DA:77,0
DA:100,0
DA:107,0
DA:108,0
DA:112,0
DA:113,0
LF:34
LH:14
BRDA:70,0,0,0
BRF:1
BRH:0
end_of_record
TN:
SF:src/subscription_plans/dto/create-subscription_plan.dto.ts
FNF:0
FNH:0
DA:1,5
DA:3,5
DA:4,5
DA:8,5
DA:12,5
DA:15,5
DA:19,5
DA:22,5
DA:26,5
DA:30,5
DA:33,5
DA:37,5
DA:41,5
DA:45,5
LF:14
LH:14
BRF:0
BRH:0
end_of_record
TN:
SF:src/subscription_plans/dto/update-subscription_plan.dto.ts
FNF:0
FNH:0
DA:1,5
DA:2,5
DA:4,5
LF:3
LH:3
BRF:0
BRH:0
end_of_record
TN:
SF:src/subscription_plans/entities/subscription_plan.entity.ts
FN:62,(anonymous_2)
FNF:1
FNH:0
FNDA:0,(anonymous_2)
DA:1,9
DA:4,9
DA:5,9
DA:8,9
DA:15,9
DA:22,9
DA:29,9
DA:36,9
DA:39,9
DA:42,9
DA:50,9
DA:53,9
DA:56,9
DA:59,9
DA:62,0
LF:15
LH:14
BRF:0
BRH:0
end_of_record
TN:
SF:src/users/users.controller.ts
FN:21,(anonymous_11)
FN:24,(anonymous_12)
FN:29,(anonymous_13)
FN:34,(anonymous_14)
FN:49,(anonymous_16)
FN:54,(anonymous_18)
FNF:6
FNH:6
FNDA:11,(anonymous_11)
FNDA:2,(anonymous_12)
FNDA:1,(anonymous_13)
FNDA:3,(anonymous_14)
FNDA:2,(anonymous_16)
FNDA:2,(anonymous_18)
DA:1,6
DA:2,6
DA:14,6
DA:15,6
DA:16,6
DA:20,6
DA:21,11
DA:23,6
DA:25,2
DA:28,6
DA:30,1
DA:34,6
DA:35,3
DA:36,3
DA:37,3
DA:38,1
DA:40,2
DA:42,1
DA:43,1
DA:49,6
DA:50,2
DA:53,6
DA:55,2
LF:23
LH:23
BRDA:37,0,0,1
BRDA:42,1,0,1
BRF:2
BRH:2
end_of_record
TN:
SF:src/users/users.module.ts
FNF:0
FNH:0
DA:1,5
DA:2,5
DA:3,5
DA:4,5
DA:5,5
DA:6,5
DA:14,5
LF:7
LH:7
BRF:0
BRH:0
end_of_record
TN:
SF:src/users/users.service.ts
FN:15,(anonymous_11)
FN:21,(anonymous_12)
FN:25,(anonymous_14)
FN:35,(anonymous_16)
FN:57,(anonymous_17)
FN:65,(anonymous_19)
FN:106,(anonymous_21)
FN:138,(anonymous_22)
FN:177,(anonymous_23)
FN:182,(anonymous_25)
FNF:10
FNH:10
FNDA:12,(anonymous_11)
FNDA:2,(anonymous_12)
FNDA:2,(anonymous_14)
FNDA:1,(anonymous_16)
FNDA:2,(anonymous_17)
FNDA:4,(anonymous_19)
FNDA:92,(anonymous_21)
FNDA:2208,(anonymous_22)
FNDA:2,(anonymous_23)
FNDA:2,(anonymous_25)
DA:1,9
DA:2,9
DA:3,9
DA:4,9
DA:5,9
DA:8,9
DA:9,9
DA:10,9
DA:14,9
DA:17,12
DA:18,12
DA:22,2
DA:26,2
DA:28,2
DA:30,2
DA:31,1
DA:34,1
DA:35,1
DA:36,1
DA:48,1
DA:53,0
DA:58,2
DA:66,4
DA:71,4
DA:72,1
DA:77,3
DA:80,3
DA:84,3
DA:105,3
DA:106,3
DA:107,92
DA:108,0
DA:111,92
DA:112,1
DA:115,92
DA:116,1
DA:119,92
DA:120,1
DA:123,92
DA:124,1
DA:127,92
DA:128,1
DA:131,92
DA:132,0
DA:137,92
DA:138,2208
DA:140,0
DA:141,0
DA:142,0
DA:145,0
DA:148,0
DA:150,0
DA:151,0
DA:153,0
DA:157,0
DA:158,0
DA:162,0
DA:165,0
DA:171,1
DA:174,3
DA:178,2
DA:179,2
DA:183,2
LF:63
LH:48
BRDA:30,0,0,1
BRDA:34,1,0,1
BRDA:34,1,1,0
BRDA:71,2,0,1
BRDA:107,3,0,0
BRDA:111,4,0,1
BRDA:115,5,0,1
BRDA:119,6,0,1
BRDA:123,7,0,1
BRDA:127,8,0,1
BRDA:131,9,0,0
BRDA:137,10,0,0
BRDA:153,11,0,0
BRF:13
BRH:8
end_of_record
TN:
SF:src/users/dto/create_user.dto.ts
FNF:0
FNH:0
DA:1,6
DA:3,6
DA:4,6
DA:8,6
DA:12,6
DA:15,6
DA:19,6
DA:23,6
DA:26,6
DA:30,6
DA:33,6
DA:37,6
LF:12
LH:12
BRF:0
BRH:0
end_of_record
TN:
SF:src/users/dto/member_account_data.ts
FNF:0
FNH:0
DA:1,0
DA:3,0
DA:4,0
DA:8,0
DA:11,0
DA:14,0
DA:18,0
DA:21,0
DA:24,0
DA:28,0
DA:32,0
DA:35,0
DA:39,0
DA:43,0
DA:47,0
DA:51,0
DA:54,0
DA:57,0
LF:18
LH:0
BRF:0
BRH:0
end_of_record
TN:
SF:src/users/dto/update_user.dto.ts
FNF:0
FNH:0
DA:1,6
DA:2,6
DA:4,6
LF:3
LH:3
BRF:0
BRH:0
end_of_record
TN:
SF:src/users/entities/user.entity.ts
FN:49,(anonymous_2)
FN:46,(anonymous_3)
FN:46,(anonymous_4)
FNF:3
FNH:3
FNDA:15,(anonymous_2)
FNDA:5,(anonymous_3)
FNDA:5,(anonymous_4)
DA:1,10
DA:2,10
DA:11,10
DA:12,10
DA:15,10
DA:18,10
DA:21,10
DA:24,10
DA:27,10
DA:30,10
DA:33,10
DA:40,10
DA:43,10
DA:46,10
DA:50,15
LF:15
LH:15
BRF:0
BRH:0
end_of_record
TN:
SF:src/users/utils/date_conversion.ts
FN:3,dateConversionUnixToIso
FNF:1
FNH:0
FNDA:0,dateConversionUnixToIso
DA:3,9
DA:4,0
DA:5,0
LF:3
LH:1
BRF:0
BRH:0
end_of_record
TN:
SF:src/users/utils/is_expired_subscription.ts
FN:2,isExpiredSubscription
FNF:1
FNH:0
FNDA:0,isExpiredSubscription
DA:2,9
DA:3,0
DA:4,0
LF:3
LH:1
BRF:0
BRH:0
end_of_record
TN:
SF:src/users_meta/users_meta.controller.ts
FN:18,(anonymous_11)
FN:21,(anonymous_12)
FN:26,(anonymous_13)
FN:31,(anonymous_14)
FN:46,(anonymous_16)
FN:54,(anonymous_17)
FNF:6
FNH:6
FNDA:12,(anonymous_11)
FNDA:1,(anonymous_12)
FNDA:1,(anonymous_13)
FNDA:3,(anonymous_14)
FNDA:1,(anonymous_16)
FNDA:1,(anonymous_17)
DA:1,6
DA:12,6
DA:13,6
DA:14,6
DA:17,6
DA:18,12
DA:20,6
DA:22,1
DA:25,6
DA:27,1
DA:31,6
DA:32,3
DA:33,3
DA:34,2
DA:35,1
DA:37,1
DA:39,2
DA:40,2
DA:45,6
DA:50,1
DA:54,6
DA:55,1
DA:56,1
LF:23
LH:23
BRDA:34,0,0,1
BRDA:39,1,0,2
BRF:2
BRH:2
end_of_record
TN:
SF:src/users_meta/users_meta.module.ts
FNF:0
FNH:0
DA:1,5
DA:2,5
DA:3,5
DA:4,5
DA:5,5
DA:12,5
LF:6
LH:6
BRF:0
BRH:0
end_of_record
TN:
SF:src/users_meta/users_meta.service.ts
FN:10,(anonymous_11)
FN:16,(anonymous_12)
FN:22,(anonymous_14)
FN:26,(anonymous_16)
FN:40,(anonymous_18)
FN:48,(anonymous_20)
FNF:6
FNH:1
FNDA:5,(anonymous_11)
FNDA:0,(anonymous_12)
FNDA:0,(anonymous_14)
FNDA:0,(anonymous_16)
FNDA:0,(anonymous_18)
FNDA:0,(anonymous_20)
DA:1,6
DA:4,6
DA:5,6
DA:6,6
DA:9,6
DA:12,5
DA:13,5
DA:17,0
DA:18,0
DA:19,0
DA:23,0
DA:27,0
DA:28,0
DA:31,0
DA:32,0
DA:34,0
DA:36,0
DA:41,0
DA:45,0
DA:49,0
LF:20
LH:7
BRDA:31,0,0,0
BRF:1
BRH:0
end_of_record
TN:
SF:src/users_meta/dto/create-users_meta.dto.ts
FNF:0
FNH:0
DA:1,6
DA:3,6
DA:4,6
DA:8,6
DA:12,6
DA:16,6
LF:6
LH:6
BRF:0
BRH:0
end_of_record
TN:
SF:src/users_meta/dto/update-users_meta.dto.ts
FNF:0
FNH:0
DA:1,6
DA:2,6
DA:4,6
LF:3
LH:3
BRF:0
BRH:0
end_of_record
TN:
SF:src/users_meta/entities/users_meta.entity.ts
FN:34,(anonymous_2)
FN:30,(anonymous_3)
FN:30,(anonymous_4)
FNF:3
FNH:3
FNDA:98,(anonymous_2)
FNDA:5,(anonymous_3)
FNDA:5,(anonymous_4)
DA:1,10
DA:2,10
DA:12,10
DA:13,10
DA:16,10
DA:19,10
DA:27,10
DA:30,10
DA:35,98
LF:9
LH:9
BRF:0
BRH:0
end_of_record
TN:
SF:src/videos/videos.controller.ts
FN:11,(anonymous_17)
FN:14,(anonymous_18)
FN:21,(anonymous_19)
FN:30,(anonymous_21)
FN:35,(anonymous_23)
FN:40,(anonymous_25)
FN:75,(anonymous_26)
FN:84,(anonymous_28)
FN:89,(anonymous_30)
FN:99,(anonymous_31)
FNF:10
FNH:8
FNDA:13,(anonymous_17)
FNDA:2,(anonymous_18)
FNDA:2,(anonymous_19)
FNDA:2,(anonymous_21)
FNDA:1,(anonymous_23)
FNDA:0,(anonymous_25)
FNDA:2,(anonymous_26)
FNDA:2,(anonymous_28)
FNDA:0,(anonymous_30)
FNDA:2,(anonymous_31)
DA:1,6
DA:2,6
DA:4,6
DA:5,6
DA:6,6
DA:10,6
DA:11,13
DA:13,6
DA:15,2
DA:21,6
DA:26,2
DA:30,6
DA:31,2
DA:35,6
DA:36,1
DA:39,6
DA:41,0
DA:42,0
DA:43,0
DA:46,0
DA:47,0
DA:48,0
DA:50,0
DA:51,0
DA:52,0
DA:53,0
DA:54,0
DA:55,0
DA:56,0
DA:62,0
DA:63,0
DA:65,0
DA:69,0
DA:70,0
DA:75,6
DA:80,2
DA:84,6
DA:85,2
DA:88,6
DA:94,0
DA:99,6
DA:100,2
DA:101,0
DA:103,2
LF:44
LH:24
BRDA:23,0,0,1
BRDA:24,1,0,1
BRDA:42,2,0,0
BRDA:50,3,0,0
BRDA:50,3,1,0
BRDA:53,4,0,0
BRDA:53,4,1,0
BRDA:100,5,0,0
BRF:8
BRH:2
end_of_record
TN:
SF:src/videos/videos.module.ts
FNF:0
FNH:0
DA:1,5
DA:2,5
DA:3,5
DA:9,5
LF:4
LH:4
BRF:0
BRH:0
end_of_record
TN:
SF:src/videos/videos.service.ts
FN:8,formatDuration
FN:15,(anonymous_16)
FN:19,(anonymous_17)
FN:30,(anonymous_19)
FN:38,(anonymous_21)
FN:44,(anonymous_22)
FN:44,(anonymous_23)
FN:59,(anonymous_24)
FN:63,(anonymous_25)
FN:66,(anonymous_27)
FN:67,(anonymous_28)
FN:67,(anonymous_29)
FN:79,(anonymous_30)
FN:89,(anonymous_32)
FN:122,(anonymous_34)
FN:135,(anonymous_36)
FN:146,(anonymous_38)
FN:151,(anonymous_39)
FN:155,(anonymous_41)
FN:164,(anonymous_42)
FN:166,(anonymous_44)
FN:167,(anonymous_45)
FN:174,(anonymous_46)
FN:176,(anonymous_47)
FNF:24
FNH:13
FNDA:0,formatDuration
FNDA:16,(anonymous_16)
FNDA:0,(anonymous_17)
FNDA:0,(anonymous_19)
FNDA:0,(anonymous_21)
FNDA:0,(anonymous_22)
FNDA:0,(anonymous_23)
FNDA:3,(anonymous_24)
FNDA:1,(anonymous_25)
FNDA:2,(anonymous_27)
FNDA:2,(anonymous_28)
FNDA:2,(anonymous_29)
FNDA:0,(anonymous_30)
FNDA:0,(anonymous_32)
FNDA:1,(anonymous_34)
FNDA:1,(anonymous_36)
FNDA:0,(anonymous_38)
FNDA:0,(anonymous_39)
FNDA:0,(anonymous_41)
FNDA:1,(anonymous_42)
FNDA:1,(anonymous_44)
FNDA:1,(anonymous_45)
FNDA:2,(anonymous_46)
FNDA:2,(anonymous_47)
DA:1,7
DA:3,7
DA:4,7
DA:5,7
DA:6,7
DA:9,0
DA:10,0
DA:11,0
DA:15,7
DA:17,16
DA:20,0
DA:21,0
DA:22,0
DA:23,0
DA:25,0
DA:26,0
DA:35,0
DA:36,0
DA:37,0
DA:38,0
DA:40,0
DA:41,0
DA:42,0
DA:44,0
DA:45,0
DA:46,0
DA:47,0
DA:48,0
DA:51,0
DA:52,0
DA:54,0
DA:55,0
DA:60,3
DA:64,1
DA:65,1
DA:66,2
DA:67,2
DA:68,2
DA:69,2
DA:72,1
DA:74,0
DA:75,0
DA:80,0
DA:81,0
DA:82,0
DA:83,0
DA:84,0
DA:86,0
DA:90,0
DA:91,0
DA:92,0
DA:93,0
DA:95,0
DA:123,1
DA:124,1
DA:125,1
DA:127,1
DA:128,1
DA:129,1
DA:131,0
DA:136,1
DA:137,1
DA:138,1
DA:139,1
DA:141,0
DA:147,0
DA:148,0
DA:152,0
DA:154,0
DA:155,0
DA:156,0
DA:157,0
DA:161,0
DA:165,1
DA:166,1
DA:167,1
DA:169,1
DA:171,1
DA:172,1
DA:173,1
DA:174,2
DA:176,2
DA:179,1
LF:83
LH:35
BRDA:11,0,0,0
BRDA:11,0,1,0
BRDA:22,1,0,0
BRDA:22,1,1,0
BRDA:22,2,0,0
BRDA:22,2,1,0
BRDA:22,3,0,0
BRDA:22,3,1,0
BRDA:22,4,0,0
BRDA:22,4,1,0
BRDA:32,5,0,0
BRDA:33,6,0,0
BRDA:82,7,0,0
BRDA:82,7,1,0
BRDA:91,8,0,0
BRDA:91,8,1,0
BRDA:127,9,0,1
BRDA:127,9,1,0
BRDA:137,10,0,1
BRDA:137,10,1,0
BRDA:154,11,0,0
BRDA:154,11,1,0
BRDA:156,12,0,0
BRDA:174,13,0,2
BRDA:174,13,1,2
BRF:25
BRH:4
end_of_record
